13/10/2021 Wednesday 16:02:45 | INFO | problem-compile.log | request /submit-compile-bank-problem | LOG_DATA: {"userId":593,"data":{"testId":129,"userId":593}} | 
13/10/2021 Wednesday 16:08:37 | INFO | problem-compile.log | request /submit-compile-bank-problem | LOG_DATA: {"userId":593,"data":{"testId":129,"userId":593}} | 
13/10/2021 Wednesday 16:08:49 | INFO | problem-compile.log | request /submit-compile-bank-problem | LOG_DATA: {"userId":588,"data":{"testId":129,"userId":588}} | 
13/10/2021 Wednesday 16:08:50 | INFO | problem-compile.log | return /submit-bank-problem. | DATA: "Command failed: echo 3;1;3;Tom;Jimmy;Nick;loves;football;baseball;tennis; | python3 /ocBxnTDtg2/main.py/bin/sh: 1: Syntax error: \"|\" unexpected" | LOG_DATA: {"userId":588,"data":{"testId":129,"userId":588}} | 
13/10/2021 Wednesday 16:08:50 | INFO | problem-compile.log | return /submit-bank-problem. | DATA: "Command failed: echo 1;0;0;Tom; | python3 /pIg7HHGwPE/main.py/bin/sh: 1: Syntax error: \"|\" unexpected" | LOG_DATA: {"userId":588,"data":{"testId":129,"userId":588}} | 
13/10/2021 Wednesday 16:08:50 | INFO | problem-compile.log | return /submit-bank-problem. | DATA: "Command failed: echo 0;2;2;has;looks;good;OK; | python3 /9Ral10dygI/main.py/bin/sh: 1: Syntax error: \"|\" unexpected" | LOG_DATA: {"userId":588,"data":{"testId":129,"userId":588}} | 
13/10/2021 Wednesday 16:08:50 | INFO | problem-compile.log | return /submit-bank-problem. | DATA: "Command failed: echo 3;1;0;Tom;Jane;Shirlie;looks; | python3 /YjvpSJ7AaX/main.py/bin/sh: 1: Syntax error: \"|\" unexpected" | LOG_DATA: {"userId":588,"data":{"testId":129,"userId":588}} | 
13/10/2021 Wednesday 16:08:50 | INFO | problem-compile.log | return /submit-bank-problem. | DATA: "Command failed: echo 0;0;0; | python3 /X3mIzf3YTs/main.py/bin/sh: 1: Syntax error: \"|\" unexpected" | LOG_DATA: {"userId":588,"data":{"testId":129,"userId":588}} | 
13/10/2021 Wednesday 16:08:50 | INFO | problem-compile.log | return /submit-bank-problem. | DATA: "Command failed: echo 2;0;1;He;She;good; | python3 /HT7AhwQGAT/main.py/bin/sh: 1: Syntax error: \"|\" unexpected" | LOG_DATA: {"userId":588,"data":{"testId":129,"userId":588}} | 
13/10/2021 Wednesday 16:08:50 | INFO | problem-compile.log | return /submit-bank-problem. | DATA: "Command failed: echo 2;2;1;He;She;looks;is;good; | python3 /jVxTwrIDxg/main.py/bin/sh: 1: Syntax error: \"|\" unexpected" | LOG_DATA: {"userId":588,"data":{"testId":129,"userId":588}} | 
13/10/2021 Wednesday 16:08:50 | INFO | problem-compile.log | return /submit-bank-problem. | DATA: "Command failed: echo 1;1;1;I;like;football; | python3 /ekUlCc1ROx/main.py/bin/sh: 1: Syntax error: \"|\" unexpected" | LOG_DATA: {"userId":588,"data":{"testId":129,"userId":588}} | 
13/10/2021 Wednesday 16:08:50 | INFO | problem-compile.log | return /submit-bank-problem. | DATA: "Command failed: echo 1;2;1;He;eats;has;breakfast; | python3 /YDGVhVRp59/main.py/bin/sh: 1: Syntax error: \"|\" unexpected" | LOG_DATA: {"userId":588,"data":{"testId":129,"userId":588}} | 
13/10/2021 Wednesday 16:08:50 | INFO | problem-compile.log | return /submit-bank-problem. | DATA: "Command failed: echo 1 3;0 1 | python3 /zNmCRfra1Y/main.py/bin/sh: 1: 0: not foundTraceback (most recent call last):  File \"/zNmCRfra1Y/main.py\", line 61, in <module>    main()  File \"/zNmCRfra1Y/main.py\", line 50, in main    input_mat[i] = list(map(int, input_mat[i].split()))IndexError: list index out of range" | LOG_DATA: {"userId":588,"data":{"testId":129,"userId":588}} | 
13/10/2021 Wednesday 16:08:50 | INFO | problem-compile.log | return /submit-bank-problem. | DATA: "Command failed: echo 1 0;1 1 | python3 /R3k4svZg7R/main.py/bin/sh: 1: 1: not foundTraceback (most recent call last):  File \"/R3k4svZg7R/main.py\", line 61, in <module>    main()  File \"/R3k4svZg7R/main.py\", line 50, in main    input_mat[i] = list(map(int, input_mat[i].split()))IndexError: list index out of range" | LOG_DATA: {"userId":588,"data":{"testId":129,"userId":588}} | 
13/10/2021 Wednesday 16:08:50 | INFO | problem-compile.log | return /submit-bank-problem. | DATA: "Command failed: echo 2 1;3 1 | python3 /SoVzJrjdkQ/main.py/bin/sh: 1: 3: not foundTraceback (most recent call last):  File \"/SoVzJrjdkQ/main.py\", line 61, in <module>    main()  File \"/SoVzJrjdkQ/main.py\", line 50, in main    input_mat[i] = list(map(int, input_mat[i].split()))IndexError: list index out of range" | LOG_DATA: {"userId":588,"data":{"testId":129,"userId":588}} | 
13/10/2021 Wednesday 16:08:50 | INFO | problem-compile.log | return /submit-bank-problem. | DATA: "Command failed: echo 3;4;3;Tom;Jimmy;Nick;loves;hates;dislikes;likes;football;baseball;tennis; | python3 /xXTVQJyOqz/main.py/bin/sh: 1: Syntax error: \"|\" unexpected" | LOG_DATA: {"userId":588,"data":{"testId":129,"userId":588}} | 
13/10/2021 Wednesday 16:08:50 | INFO | problem-compile.log | return /submit-bank-problem. | DATA: "Command failed: echo 1 5;0 1 | python3 /kE3o6423aA/main.py/bin/sh: 1: 0: not foundTraceback (most recent call last):  File \"/kE3o6423aA/main.py\", line 61, in <module>    main()  File \"/kE3o6423aA/main.py\", line 50, in main    input_mat[i] = list(map(int, input_mat[i].split()))IndexError: list index out of range" | LOG_DATA: {"userId":588,"data":{"testId":129,"userId":588}} | 
13/10/2021 Wednesday 16:08:50 | INFO | problem-compile.log | return /submit-bank-problem. | DATA: "Command failed: echo 1 1;0 1 | python3 /yXNw1arXZi/main.py/bin/sh: 1: 0: not foundTraceback (most recent call last):  File \"/yXNw1arXZi/main.py\", line 61, in <module>    main()  File \"/yXNw1arXZi/main.py\", line 50, in main    input_mat[i] = list(map(int, input_mat[i].split()))IndexError: list index out of range" | LOG_DATA: {"userId":588,"data":{"testId":129,"userId":588}} | 
13/10/2021 Wednesday 16:08:50 | INFO | problem-compile.log | return /submit-bank-problem. | DATA: "Command failed: echo 1 0;3 1 | python3 /fRABiMGYqQ/main.py/bin/sh: 1: 3: not foundTraceback (most recent call last):  File \"/fRABiMGYqQ/main.py\", line 61, in <module>    main()  File \"/fRABiMGYqQ/main.py\", line 50, in main    input_mat[i] = list(map(int, input_mat[i].split()))IndexError: list index out of range" | LOG_DATA: {"userId":588,"data":{"testId":129,"userId":588}} | 
13/10/2021 Wednesday 16:08:50 | INFO | problem-compile.log | return /submit-bank-problem. | DATA: "Command failed: echo 34 21;21 13 | python3 /l0mjJg1aBn/main.py/bin/sh: 1: 21: not foundTraceback (most recent call last):  File \"/l0mjJg1aBn/main.py\", line 61, in <module>    main()  File \"/l0mjJg1aBn/main.py\", line 50, in main    input_mat[i] = list(map(int, input_mat[i].split()))IndexError: list index out of range" | LOG_DATA: {"userId":588,"data":{"testId":129,"userId":588}} | 
13/10/2021 Wednesday 16:08:50 | INFO | problem-compile.log | return /submit-bank-problem. | DATA: "Command failed: echo 1 0;5 1 | python3 /yDT1rgSzaW/main.py/bin/sh: 1: 5: not foundTraceback (most recent call last):  File \"/yDT1rgSzaW/main.py\", line 61, in <module>    main()  File \"/yDT1rgSzaW/main.py\", line 50, in main    input_mat[i] = list(map(int, input_mat[i].split()))IndexError: list index out of range" | LOG_DATA: {"userId":588,"data":{"testId":129,"userId":588}} | 
13/10/2021 Wednesday 16:08:50 | INFO | problem-compile.log | return /submit-bank-problem. | DATA: "Command failed: echo 6 7;5 6 | python3 /OY79wVugdU/main.py/bin/sh: 1: 5: not foundTraceback (most recent call last):  File \"/OY79wVugdU/main.py\", line 61, in <module>    main()  File \"/OY79wVugdU/main.py\", line 50, in main    input_mat[i] = list(map(int, input_mat[i].split()))IndexError: list index out of range" | LOG_DATA: {"userId":588,"data":{"testId":129,"userId":588}} | 
13/10/2021 Wednesday 16:08:50 | INFO | problem-compile.log | return /submit-bank-problem. | DATA: "Command failed: echo 1 4;4 17 | python3 /sFs18vQjHx/main.py/bin/sh: 1: 4: not foundTraceback (most recent call last):  File \"/sFs18vQjHx/main.py\", line 61, in <module>    main()  File \"/sFs18vQjHx/main.py\", line 50, in main    input_mat[i] = list(map(int, input_mat[i].split()))IndexError: list index out of range" | LOG_DATA: {"userId":588,"data":{"testId":129,"userId":588}} | 
13/10/2021 Wednesday 16:09:16 | INFO | problem-compile.log | request /submit-compile-bank-problem | LOG_DATA: {"userId":585,"data":{"testId":129,"userId":585}} | 
13/10/2021 Wednesday 16:09:16 | INFO | problem-compile.log | return /submit-bank-problem. | DATA: "Command failed: echo 3;4;3;Tom;Jimmy;Nick;loves;hates;dislikes;likes;football;baseball;tennis; | python3 /zRcN3kzubY/main.py/bin/sh: 1: Syntax error: \"|\" unexpected" | LOG_DATA: {"userId":585,"data":{"testId":129,"userId":585}} | 
13/10/2021 Wednesday 16:09:16 | INFO | problem-compile.log | return /submit-bank-problem. | DATA: "Command failed: echo 3;1;3;Tom;Jimmy;Nick;loves;football;baseball;tennis; | python3 /ANRqYNQrYs/main.py/bin/sh: 1: Syntax error: \"|\" unexpected" | LOG_DATA: {"userId":585,"data":{"testId":129,"userId":585}} | 
13/10/2021 Wednesday 16:09:16 | INFO | problem-compile.log | return /submit-bank-problem. | DATA: "Command failed: echo 1;0;0;Tom; | python3 /2W4eODInKZ/main.py/bin/sh: 1: Syntax error: \"|\" unexpected" | LOG_DATA: {"userId":585,"data":{"testId":129,"userId":585}} | 
13/10/2021 Wednesday 16:09:16 | INFO | problem-compile.log | return /submit-bank-problem. | DATA: "Command failed: echo 0;2;2;has;looks;good;OK; | python3 /G9xd57Xgzh/main.py/bin/sh: 1: Syntax error: \"|\" unexpected" | LOG_DATA: {"userId":585,"data":{"testId":129,"userId":585}} | 
13/10/2021 Wednesday 16:09:16 | INFO | problem-compile.log | return /submit-bank-problem. | DATA: "Command failed: echo 3;1;0;Tom;Jane;Shirlie;looks; | python3 /Ohf4vrtW5o/main.py/bin/sh: 1: Syntax error: \"|\" unexpected" | LOG_DATA: {"userId":585,"data":{"testId":129,"userId":585}} | 
13/10/2021 Wednesday 16:09:16 | INFO | problem-compile.log | return /submit-bank-problem. | DATA: "Command failed: echo 0;0;0; | python3 /FZMFkN6iJq/main.py/bin/sh: 1: Syntax error: \"|\" unexpected" | LOG_DATA: {"userId":585,"data":{"testId":129,"userId":585}} | 
13/10/2021 Wednesday 16:09:16 | INFO | problem-compile.log | return /submit-bank-problem. | DATA: "Command failed: echo 2;0;1;He;She;good; | python3 /K5lkmq1s6I/main.py/bin/sh: 1: Syntax error: \"|\" unexpected" | LOG_DATA: {"userId":585,"data":{"testId":129,"userId":585}} | 
13/10/2021 Wednesday 16:09:16 | INFO | problem-compile.log | return /submit-bank-problem. | DATA: "Command failed: echo 2;2;1;He;She;looks;is;good; | python3 /Ubtujvh9yf/main.py/bin/sh: 1: Syntax error: \"|\" unexpected" | LOG_DATA: {"userId":585,"data":{"testId":129,"userId":585}} | 
13/10/2021 Wednesday 16:09:16 | INFO | problem-compile.log | return /submit-bank-problem. | DATA: "Command failed: echo 1;1;1;I;like;football; | python3 /PLbyAMtiI1/main.py/bin/sh: 1: Syntax error: \"|\" unexpected" | LOG_DATA: {"userId":585,"data":{"testId":129,"userId":585}} | 
13/10/2021 Wednesday 16:09:16 | INFO | problem-compile.log | return /submit-bank-problem. | DATA: "Command failed: echo 1;2;1;He;eats;has;breakfast; | python3 /svExFEiRBR/main.py/bin/sh: 1: Syntax error: \"|\" unexpected" | LOG_DATA: {"userId":585,"data":{"testId":129,"userId":585}} | 
13/10/2021 Wednesday 16:09:16 | INFO | problem-compile.log | return /submit-bank-problem. | DATA: "Command failed: echo 34 21;21 13 | python3 /kmQ0xRZInx/main.py/bin/sh: 1: 21: not foundTraceback (most recent call last):  File \"/kmQ0xRZInx/main.py\", line 44, in <module>    main()  File \"/kmQ0xRZInx/main.py\", line 5, in main    r1, r2 = input().split(\";\")EOFError: EOF when reading a line" | LOG_DATA: {"userId":585,"data":{"testId":129,"userId":585}} | 
13/10/2021 Wednesday 16:09:16 | INFO | problem-compile.log | return /submit-bank-problem. | DATA: "Command failed: echo 1 4;4 17 | python3 /cxpCqfB1Tp/main.py/bin/sh: 1: 4: not foundTraceback (most recent call last):  File \"/cxpCqfB1Tp/main.py\", line 44, in <module>    main()  File \"/cxpCqfB1Tp/main.py\", line 5, in main    r1, r2 = input().split(\";\")EOFError: EOF when reading a line" | LOG_DATA: {"userId":585,"data":{"testId":129,"userId":585}} | 
13/10/2021 Wednesday 16:09:16 | INFO | problem-compile.log | return /submit-bank-problem. | DATA: "Command failed: echo 6 7;5 6 | python3 /DGx7bADyzg/main.py/bin/sh: 1: 5: not foundTraceback (most recent call last):  File \"/DGx7bADyzg/main.py\", line 44, in <module>    main()  File \"/DGx7bADyzg/main.py\", line 5, in main    r1, r2 = input().split(\";\")EOFError: EOF when reading a line" | LOG_DATA: {"userId":585,"data":{"testId":129,"userId":585}} | 
13/10/2021 Wednesday 16:09:16 | INFO | problem-compile.log | return /submit-bank-problem. | DATA: "Command failed: echo 1 5;0 1 | python3 /nWc2wb11Aq/main.py/bin/sh: 1: 0: not foundTraceback (most recent call last):  File \"/nWc2wb11Aq/main.py\", line 44, in <module>    main()  File \"/nWc2wb11Aq/main.py\", line 5, in main    r1, r2 = input().split(\";\")EOFError: EOF when reading a line" | LOG_DATA: {"userId":585,"data":{"testId":129,"userId":585}} | 
13/10/2021 Wednesday 16:09:16 | INFO | problem-compile.log | return /submit-bank-problem. | DATA: "Command failed: echo 1 0;5 1 | python3 /IEV57xfIJa/main.py/bin/sh: 1: 5: not foundTraceback (most recent call last):  File \"/IEV57xfIJa/main.py\", line 44, in <module>    main()  File \"/IEV57xfIJa/main.py\", line 5, in main    r1, r2 = input().split(\";\")EOFError: EOF when reading a line" | LOG_DATA: {"userId":585,"data":{"testId":129,"userId":585}} | 
13/10/2021 Wednesday 16:09:16 | INFO | problem-compile.log | return /submit-bank-problem. | DATA: "Command failed: echo 1 0;3 1 | python3 /L6AvnMgKx0/main.py/bin/sh: 1: 3: not foundTraceback (most recent call last):  File \"/L6AvnMgKx0/main.py\", line 44, in <module>    main()  File \"/L6AvnMgKx0/main.py\", line 5, in main    r1, r2 = input().split(\";\")EOFError: EOF when reading a line" | LOG_DATA: {"userId":585,"data":{"testId":129,"userId":585}} | 
13/10/2021 Wednesday 16:09:16 | INFO | problem-compile.log | return /submit-bank-problem. | DATA: "Command failed: echo 1 3;0 1 | python3 /mn3kE5AgiQ/main.py/bin/sh: 1: 0: not foundTraceback (most recent call last):  File \"/mn3kE5AgiQ/main.py\", line 44, in <module>    main()  File \"/mn3kE5AgiQ/main.py\", line 5, in main    r1, r2 = input().split(\";\")EOFError: EOF when reading a line" | LOG_DATA: {"userId":585,"data":{"testId":129,"userId":585}} | 
13/10/2021 Wednesday 16:09:16 | INFO | problem-compile.log | return /submit-bank-problem. | DATA: "Command failed: echo 1 1;0 1 | python3 /JyFqRhMGWW/main.py/bin/sh: 1: 0: not foundTraceback (most recent call last):  File \"/JyFqRhMGWW/main.py\", line 44, in <module>    main()  File \"/JyFqRhMGWW/main.py\", line 5, in main    r1, r2 = input().split(\";\")EOFError: EOF when reading a line" | LOG_DATA: {"userId":585,"data":{"testId":129,"userId":585}} | 
13/10/2021 Wednesday 16:09:16 | INFO | problem-compile.log | return /submit-bank-problem. | DATA: "Command failed: echo 1 0;1 1 | python3 /IGK4w5J9J0/main.py/bin/sh: 1: 1: not foundTraceback (most recent call last):  File \"/IGK4w5J9J0/main.py\", line 44, in <module>    main()  File \"/IGK4w5J9J0/main.py\", line 5, in main    r1, r2 = input().split(\";\")EOFError: EOF when reading a line" | LOG_DATA: {"userId":585,"data":{"testId":129,"userId":585}} | 
13/10/2021 Wednesday 16:09:16 | INFO | problem-compile.log | return /submit-bank-problem. | DATA: "Command failed: echo 2 1;3 1 | python3 /ZLOA6R6SET/main.py/bin/sh: 1: 3: not foundTraceback (most recent call last):  File \"/ZLOA6R6SET/main.py\", line 44, in <module>    main()  File \"/ZLOA6R6SET/main.py\", line 5, in main    r1, r2 = input().split(\";\")EOFError: EOF when reading a line" | LOG_DATA: {"userId":585,"data":{"testId":129,"userId":585}} | 
13/10/2021 Wednesday 16:09:26 | INFO | problem-compile.log | request /submit-compile-bank-problem | LOG_DATA: {"userId":577,"data":{"testId":129,"userId":577}} | 
13/10/2021 Wednesday 16:09:26 | INFO | problem-compile.log | return /submit-bank-problem. | DATA: "Command failed: g++ -o /QZ3aoTAeGi/main /QZ3aoTAeGi/main.cpp/QZ3aoTAeGi/main.cpp: In function ‘int main()’:/QZ3aoTAeGi/main.cpp:42:14: error: ‘strtok’ was not declared in this scope  char* ptr = strtok(s1, \" \");              ^~~~~~/QZ3aoTAeGi/main.cpp:42:14: note: suggested alternative: ‘strtoq’  char* ptr = strtok(s1, \" \");              ^~~~~~              strtoq/QZ3aoTAeGi/main.cpp:87:23: error: ‘pow’ was not declared in this scope   for (int i = 0; i < pow(2, cnt); i++) {                       ^~~" | LOG_DATA: {"userId":577,"data":{"testId":129,"userId":577}} | 
13/10/2021 Wednesday 16:09:26 | INFO | problem-compile.log | return /submit-bank-problem. | DATA: "Command failed: g++ -o /L4b0kjEik3/main /L4b0kjEik3/main.cpp/L4b0kjEik3/main.cpp: In function ‘int main()’:/L4b0kjEik3/main.cpp:42:14: error: ‘strtok’ was not declared in this scope  char* ptr = strtok(s1, \" \");              ^~~~~~/L4b0kjEik3/main.cpp:42:14: note: suggested alternative: ‘strtoq’  char* ptr = strtok(s1, \" \");              ^~~~~~              strtoq/L4b0kjEik3/main.cpp:87:23: error: ‘pow’ was not declared in this scope   for (int i = 0; i < pow(2, cnt); i++) {                       ^~~" | LOG_DATA: {"userId":577,"data":{"testId":129,"userId":577}} | 
13/10/2021 Wednesday 16:09:26 | INFO | problem-compile.log | return /submit-bank-problem. | DATA: "Command failed: g++ -o /7XVqs4ULD4/main /7XVqs4ULD4/main.cpp/7XVqs4ULD4/main.cpp: In function ‘int main()’:/7XVqs4ULD4/main.cpp:42:14: error: ‘strtok’ was not declared in this scope  char* ptr = strtok(s1, \" \");              ^~~~~~/7XVqs4ULD4/main.cpp:42:14: note: suggested alternative: ‘strtoq’  char* ptr = strtok(s1, \" \");              ^~~~~~              strtoq/7XVqs4ULD4/main.cpp:87:23: error: ‘pow’ was not declared in this scope   for (int i = 0; i < pow(2, cnt); i++) {                       ^~~" | LOG_DATA: {"userId":577,"data":{"testId":129,"userId":577}} | 
13/10/2021 Wednesday 16:09:26 | INFO | problem-compile.log | return /submit-bank-problem. | DATA: "Command failed: g++ -o /8A8vY16R7L/main /8A8vY16R7L/main.cpp/8A8vY16R7L/main.cpp: In function ‘int main()’:/8A8vY16R7L/main.cpp:42:14: error: ‘strtok’ was not declared in this scope  char* ptr = strtok(s1, \" \");              ^~~~~~/8A8vY16R7L/main.cpp:42:14: note: suggested alternative: ‘strtoq’  char* ptr = strtok(s1, \" \");              ^~~~~~              strtoq/8A8vY16R7L/main.cpp:87:23: error: ‘pow’ was not declared in this scope   for (int i = 0; i < pow(2, cnt); i++) {                       ^~~" | LOG_DATA: {"userId":577,"data":{"testId":129,"userId":577}} | 
13/10/2021 Wednesday 16:09:26 | INFO | problem-compile.log | return /submit-bank-problem. | DATA: "Command failed: g++ -o /4XRWhZ3RU8/main /4XRWhZ3RU8/main.cpp/4XRWhZ3RU8/main.cpp: In function ‘int main()’:/4XRWhZ3RU8/main.cpp:42:14: error: ‘strtok’ was not declared in this scope  char* ptr = strtok(s1, \" \");              ^~~~~~/4XRWhZ3RU8/main.cpp:42:14: note: suggested alternative: ‘strtoq’  char* ptr = strtok(s1, \" \");              ^~~~~~              strtoq/4XRWhZ3RU8/main.cpp:87:23: error: ‘pow’ was not declared in this scope   for (int i = 0; i < pow(2, cnt); i++) {                       ^~~" | LOG_DATA: {"userId":577,"data":{"testId":129,"userId":577}} | 
13/10/2021 Wednesday 16:09:26 | INFO | problem-compile.log | return /submit-bank-problem. | DATA: "Command failed: g++ -o /4wMqEijUHr/main /4wMqEijUHr/main.cpp/4wMqEijUHr/main.cpp: In function ‘int main()’:/4wMqEijUHr/main.cpp:42:14: error: ‘strtok’ was not declared in this scope  char* ptr = strtok(s1, \" \");              ^~~~~~/4wMqEijUHr/main.cpp:42:14: note: suggested alternative: ‘strtoq’  char* ptr = strtok(s1, \" \");              ^~~~~~              strtoq/4wMqEijUHr/main.cpp:87:23: error: ‘pow’ was not declared in this scope   for (int i = 0; i < pow(2, cnt); i++) {                       ^~~" | LOG_DATA: {"userId":577,"data":{"testId":129,"userId":577}} | 
13/10/2021 Wednesday 16:09:27 | INFO | problem-compile.log | return /submit-bank-problem. | DATA: "Command failed: g++ -o /SEOzp5ojEb/main /SEOzp5ojEb/main.cpp/SEOzp5ojEb/main.cpp: In function ‘int main()’:/SEOzp5ojEb/main.cpp:42:14: error: ‘strtok’ was not declared in this scope  char* ptr = strtok(s1, \" \");              ^~~~~~/SEOzp5ojEb/main.cpp:42:14: note: suggested alternative: ‘strtoq’  char* ptr = strtok(s1, \" \");              ^~~~~~              strtoq/SEOzp5ojEb/main.cpp:87:23: error: ‘pow’ was not declared in this scope   for (int i = 0; i < pow(2, cnt); i++) {                       ^~~" | LOG_DATA: {"userId":577,"data":{"testId":129,"userId":577}} | 
13/10/2021 Wednesday 16:09:27 | INFO | problem-compile.log | return /submit-bank-problem. | DATA: "Command failed: g++ -o /D0SXweoqLh/main /D0SXweoqLh/main.cpp/D0SXweoqLh/main.cpp: In function ‘int main()’:/D0SXweoqLh/main.cpp:42:14: error: ‘strtok’ was not declared in this scope  char* ptr = strtok(s1, \" \");              ^~~~~~/D0SXweoqLh/main.cpp:42:14: note: suggested alternative: ‘strtoq’  char* ptr = strtok(s1, \" \");              ^~~~~~              strtoq/D0SXweoqLh/main.cpp:87:23: error: ‘pow’ was not declared in this scope   for (int i = 0; i < pow(2, cnt); i++) {                       ^~~" | LOG_DATA: {"userId":577,"data":{"testId":129,"userId":577}} | 
13/10/2021 Wednesday 16:09:27 | INFO | problem-compile.log | return /submit-bank-problem. | DATA: "Command failed: g++ -o /v85qvEd4GP/main /v85qvEd4GP/main.cpp/v85qvEd4GP/main.cpp: In function ‘int main()’:/v85qvEd4GP/main.cpp:42:14: error: ‘strtok’ was not declared in this scope  char* ptr = strtok(s1, \" \");              ^~~~~~/v85qvEd4GP/main.cpp:42:14: note: suggested alternative: ‘strtoq’  char* ptr = strtok(s1, \" \");              ^~~~~~              strtoq/v85qvEd4GP/main.cpp:87:23: error: ‘pow’ was not declared in this scope   for (int i = 0; i < pow(2, cnt); i++) {                       ^~~" | LOG_DATA: {"userId":577,"data":{"testId":129,"userId":577}} | 
13/10/2021 Wednesday 16:09:27 | INFO | problem-compile.log | return /submit-bank-problem. | DATA: "Command failed: g++ -o /zVYm8KTfI9/main /zVYm8KTfI9/main.cpp/zVYm8KTfI9/main.cpp: In function ‘int main()’:/zVYm8KTfI9/main.cpp:42:14: error: ‘strtok’ was not declared in this scope  char* ptr = strtok(s1, \" \");              ^~~~~~/zVYm8KTfI9/main.cpp:42:14: note: suggested alternative: ‘strtoq’  char* ptr = strtok(s1, \" \");              ^~~~~~              strtoq/zVYm8KTfI9/main.cpp:87:23: error: ‘pow’ was not declared in this scope   for (int i = 0; i < pow(2, cnt); i++) {                       ^~~" | LOG_DATA: {"userId":577,"data":{"testId":129,"userId":577}} | 
13/10/2021 Wednesday 16:09:27 | INFO | problem-compile.log | return /submit-bank-problem. | DATA: "Command failed: g++ -o /JXEsVZBCkg/main /JXEsVZBCkg/main.cpp/JXEsVZBCkg/main.cpp: In function ‘int main()’:/JXEsVZBCkg/main.cpp:15:58: error: ‘pow’ was not declared in this scope  for (int i = 2; i <= 20; i++) cache[i] = cache[i - 1] + pow(3, i - 1);                                                          ^~~/JXEsVZBCkg/main.cpp:15:58: note: suggested alternative: ‘putw’  for (int i = 2; i <= 20; i++) cache[i] = cache[i - 1] + pow(3, i - 1);                                                          ^~~                                                          putw/JXEsVZBCkg/main.cpp:42:2: error: ‘reverse’ was not declared in this scope  reverse(answer.begin(), answer.end());  ^~~~~~~" | LOG_DATA: {"userId":577,"data":{"testId":129,"userId":577}} | 
13/10/2021 Wednesday 16:09:27 | INFO | problem-compile.log | return /submit-bank-problem. | DATA: "Command failed: g++ -o /Xs77lDwDzu/main /Xs77lDwDzu/main.cpp/Xs77lDwDzu/main.cpp: In function ‘int main()’:/Xs77lDwDzu/main.cpp:15:58: error: ‘pow’ was not declared in this scope  for (int i = 2; i <= 20; i++) cache[i] = cache[i - 1] + pow(3, i - 1);                                                          ^~~/Xs77lDwDzu/main.cpp:15:58: note: suggested alternative: ‘putw’  for (int i = 2; i <= 20; i++) cache[i] = cache[i - 1] + pow(3, i - 1);                                                          ^~~                                                          putw/Xs77lDwDzu/main.cpp:42:2: error: ‘reverse’ was not declared in this scope  reverse(answer.begin(), answer.end());  ^~~~~~~" | LOG_DATA: {"userId":577,"data":{"testId":129,"userId":577}} | 
13/10/2021 Wednesday 16:09:27 | INFO | problem-compile.log | return /submit-bank-problem. | DATA: "Command failed: g++ -o /PMuJCtVtCN/main /PMuJCtVtCN/main.cpp/PMuJCtVtCN/main.cpp: In function ‘int main()’:/PMuJCtVtCN/main.cpp:15:58: error: ‘pow’ was not declared in this scope  for (int i = 2; i <= 20; i++) cache[i] = cache[i - 1] + pow(3, i - 1);                                                          ^~~/PMuJCtVtCN/main.cpp:15:58: note: suggested alternative: ‘putw’  for (int i = 2; i <= 20; i++) cache[i] = cache[i - 1] + pow(3, i - 1);                                                          ^~~                                                          putw/PMuJCtVtCN/main.cpp:42:2: error: ‘reverse’ was not declared in this scope  reverse(answer.begin(), answer.end());  ^~~~~~~" | LOG_DATA: {"userId":577,"data":{"testId":129,"userId":577}} | 
13/10/2021 Wednesday 16:09:27 | INFO | problem-compile.log | return /submit-bank-problem. | DATA: "Command failed: g++ -o /d4SXy8o3TP/main /d4SXy8o3TP/main.cpp/d4SXy8o3TP/main.cpp:4:22: error: ‘string’ has not been declared void makeOb(int idx, string s) {                      ^~~~~~/d4SXy8o3TP/main.cpp: In function ‘void makeOb(int, int)’:/d4SXy8o3TP/main.cpp:6:2: error: ‘cout’ was not declared in this scope  cout << s + ob[idx] << \";\";  ^~~~/d4SXy8o3TP/main.cpp:6:2: note: suggested alternative:In file included from /d4SXy8o3TP/main.cpp:1:0:/usr/include/c++/7/iostream:61:18: note:   ‘std::cout’   extern ostream cout;  /// Linked to standard output                  ^~~~/d4SXy8o3TP/main.cpp:6:14: error: ‘ob’ was not declared in this scope  cout << s + ob[idx] << \";\";              ^~/d4SXy8o3TP/main.cpp: At global scope:/d4SXy8o3TP/main.cpp:10:23: error: ‘string’ has not been declared void makeVerb(int idx,string s) {                       ^~~~~~/d4SXy8o3TP/main.cpp: In function ‘void makeVerb(int, int)’:/d4SXy8o3TP/main.cpp:11:22: error: ‘ob’ was not declared in this scope  for (int i = 0; i < ob.size(); i++) makeOb(i, s + verb[idx]+\" \");                      ^~/d4SXy8o3TP/main.cpp:11:52: error: ‘verb’ was not declared in this scope  for (int i = 0; i < ob.size(); i++) makeOb(i, s + verb[idx]+\" \");                                                    ^~~~/d4SXy8o3TP/main.cpp: In function ‘void makeSub(int)’:/d4SXy8o3TP/main.cpp:16:22: error: ‘verb’ was not declared in this scope  for (int i = 0; i < verb.size(); i++) makeVerb(i, sub[idx]+\" \");                      ^~~~/d4SXy8o3TP/main.cpp:16:52: error: ‘sub’ was not declared in this scope  for (int i = 0; i < verb.size(); i++) makeVerb(i, sub[idx]+\" \");                                                    ^~~/d4SXy8o3TP/main.cpp: In function ‘void solve()’:/d4SXy8o3TP/main.cpp:21:22: error: ‘sub’ was not declared in this scope  for (int i = 0; i < sub.size(); i++) makeSub(i);                      ^~~/d4SXy8o3TP/main.cpp: In function ‘int main()’:/d4SXy8o3TP/main.cpp:25:2: error: ‘string’ was not declared in this scope  string N, M, L;  ^~~~~~/d4SXy8o3TP/main.cpp:25:2: note: suggested alternatives:In file included from /usr/include/c++/7/iosfwd:39:0,                 from /usr/include/c++/7/ios:38,                 from /usr/include/c++/7/ostream:38,                 from /usr/include/c++/7/iostream:39,                 from /d4SXy8o3TP/main.cpp:1:/usr/include/c++/7/bits/stringfwd.h:74:33: note:   ‘std::__cxx11::string’   typedef basic_string<char>    string;                                 ^~~~~~/usr/include/c++/7/bits/stringfwd.h:74:33: note:   ‘std::__cxx11::string’/d4SXy8o3TP/main.cpp:27:10: error: ‘cin’ was not declared in this scope  getline(cin, M, ';');          ^~~/d4SXy8o3TP/main.cpp:27:10: note: suggested alternative:In file included from /d4SXy8o3TP/main.cpp:1:0:/usr/include/c++/7/iostream:60:18: note:   ‘std::cin’   extern istream cin;  /// Linked to standard input                  ^~~/d4SXy8o3TP/main.cpp:27:15: error: ‘M’ was not declared in this scope  getline(cin, M, ';');               ^/d4SXy8o3TP/main.cpp:28:15: error: ‘N’ was not declared in this scope  getline(cin, N, ';');               ^/d4SXy8o3TP/main.cpp:29:15: error: ‘L’ was not declared in this scope  getline(cin, L, ';');               ^/d4SXy8o3TP/main.cpp:31:6: error: ‘stoi’ was not declared in this scope  n = stoi(N);      ^~~~/d4SXy8o3TP/main.cpp:31:6: note: suggested alternatives:In file included from /usr/include/c++/7/string:52:0,                 from /usr/include/c++/7/bits/locale_classes.h:40,                 from /usr/include/c++/7/bits/ios_base.h:41,                 from /usr/include/c++/7/ios:42,                 from /usr/include/c++/7/ostream:38,                 from /usr/include/c++/7/iostream:39,                 from /d4SXy8o3TP/main.cpp:1:/usr/include/c++/7/bits/basic_string.h:6477:3: note:   ‘std::__cxx11::stoi’   stoi(const wstring& __str, size_t* __idx = 0, int __base = 10)   ^~~~/usr/include/c++/7/bits/basic_string.h:6477:3: note:   ‘std::__cxx11::stoi’/d4SXy8o3TP/main.cpp:36:10: error: expected ‘;’ before ‘s’   string s;          ^/d4SXy8o3TP/main.cpp:37:16: error: ‘s’ was not declared in this scope   getline(cin, s, ';');                ^/d4SXy8o3TP/main.cpp:38:3: error: ‘sub’ was not declared in this scope   sub.push_back(s);   ^~~/d4SXy8o3TP/main.cpp:41:10: error: expected ‘;’ before ‘s’   string s;          ^/d4SXy8o3TP/main.cpp:42:16: error: ‘s’ was not declared in this scope   getline(cin, s, ';');                ^/d4SXy8o3TP/main.cpp:43:3: error: ‘verb’ was not declared in this scope   verb.push_back(s);   ^~~~/d4SXy8o3TP/main.cpp:46:10: error: expected ‘;’ before ‘s’   string s;          ^/d4SXy8o3TP/main.cpp:47:16: error: ‘s’ was not declared in this scope   getline(cin, s, ';');                ^/d4SXy8o3TP/main.cpp:48:3: error: ‘ob’ was not declared in this scope   ob.push_back(s);   ^~/d4SXy8o3TP/main.cpp:52:3: error: ‘cout’ was not declared in this scope   cout << \"No possible sentece.;\" << endl;   ^~~~/d4SXy8o3TP/main.cpp:52:3: note: suggested alternative:In file included from /d4SXy8o3TP/main.cpp:1:0:/usr/include/c++/7/iostream:61:18: note:   ‘std::cout’   extern ostream cout;  /// Linked to standard output                  ^~~~/d4SXy8o3TP/main.cpp:52:38: error: ‘endl’ was not declared in this scope   cout << \"No possible sentece.;\" << endl;                                      ^~~~/d4SXy8o3TP/main.cpp:52:38: note: suggested alternative:In file included from /usr/include/c++/7/iostream:39:0,                 from /d4SXy8o3TP/main.cpp:1:/usr/include/c++/7/ostream:590:5: note:   ‘std::endl’     endl(basic_ostream<_CharT, _Traits>& __os)     ^~~~" | LOG_DATA: {"userId":577,"data":{"testId":129,"userId":577}} | 
13/10/2021 Wednesday 16:09:27 | INFO | problem-compile.log | return /submit-bank-problem. | DATA: "Command failed: g++ -o /5nxqZgNmLL/main /5nxqZgNmLL/main.cpp/5nxqZgNmLL/main.cpp:4:22: error: ‘string’ has not been declared void makeOb(int idx, string s) {                      ^~~~~~/5nxqZgNmLL/main.cpp: In function ‘void makeOb(int, int)’:/5nxqZgNmLL/main.cpp:6:2: error: ‘cout’ was not declared in this scope  cout << s + ob[idx] << \";\";  ^~~~/5nxqZgNmLL/main.cpp:6:2: note: suggested alternative:In file included from /5nxqZgNmLL/main.cpp:1:0:/usr/include/c++/7/iostream:61:18: note:   ‘std::cout’   extern ostream cout;  /// Linked to standard output                  ^~~~/5nxqZgNmLL/main.cpp:6:14: error: ‘ob’ was not declared in this scope  cout << s + ob[idx] << \";\";              ^~/5nxqZgNmLL/main.cpp: At global scope:/5nxqZgNmLL/main.cpp:10:23: error: ‘string’ has not been declared void makeVerb(int idx,string s) {                       ^~~~~~/5nxqZgNmLL/main.cpp: In function ‘void makeVerb(int, int)’:/5nxqZgNmLL/main.cpp:11:22: error: ‘ob’ was not declared in this scope  for (int i = 0; i < ob.size(); i++) makeOb(i, s + verb[idx]+\" \");                      ^~/5nxqZgNmLL/main.cpp:11:52: error: ‘verb’ was not declared in this scope  for (int i = 0; i < ob.size(); i++) makeOb(i, s + verb[idx]+\" \");                                                    ^~~~/5nxqZgNmLL/main.cpp: In function ‘void makeSub(int)’:/5nxqZgNmLL/main.cpp:16:22: error: ‘verb’ was not declared in this scope  for (int i = 0; i < verb.size(); i++) makeVerb(i, sub[idx]+\" \");                      ^~~~/5nxqZgNmLL/main.cpp:16:52: error: ‘sub’ was not declared in this scope  for (int i = 0; i < verb.size(); i++) makeVerb(i, sub[idx]+\" \");                                                    ^~~/5nxqZgNmLL/main.cpp: In function ‘void solve()’:/5nxqZgNmLL/main.cpp:21:22: error: ‘sub’ was not declared in this scope  for (int i = 0; i < sub.size(); i++) makeSub(i);                      ^~~/5nxqZgNmLL/main.cpp: In function ‘int main()’:/5nxqZgNmLL/main.cpp:25:2: error: ‘string’ was not declared in this scope  string N, M, L;  ^~~~~~/5nxqZgNmLL/main.cpp:25:2: note: suggested alternatives:In file included from /usr/include/c++/7/iosfwd:39:0,                 from /usr/include/c++/7/ios:38,                 from /usr/include/c++/7/ostream:38,                 from /usr/include/c++/7/iostream:39,                 from /5nxqZgNmLL/main.cpp:1:/usr/include/c++/7/bits/stringfwd.h:74:33: note:   ‘std::__cxx11::string’   typedef basic_string<char>    string;                                 ^~~~~~/usr/include/c++/7/bits/stringfwd.h:74:33: note:   ‘std::__cxx11::string’/5nxqZgNmLL/main.cpp:27:10: error: ‘cin’ was not declared in this scope  getline(cin, M, ';');          ^~~/5nxqZgNmLL/main.cpp:27:10: note: suggested alternative:In file included from /5nxqZgNmLL/main.cpp:1:0:/usr/include/c++/7/iostream:60:18: note:   ‘std::cin’   extern istream cin;  /// Linked to standard input                  ^~~/5nxqZgNmLL/main.cpp:27:15: error: ‘M’ was not declared in this scope  getline(cin, M, ';');               ^/5nxqZgNmLL/main.cpp:28:15: error: ‘N’ was not declared in this scope  getline(cin, N, ';');               ^/5nxqZgNmLL/main.cpp:29:15: error: ‘L’ was not declared in this scope  getline(cin, L, ';');               ^/5nxqZgNmLL/main.cpp:31:6: error: ‘stoi’ was not declared in this scope  n = stoi(N);      ^~~~/5nxqZgNmLL/main.cpp:31:6: note: suggested alternatives:In file included from /usr/include/c++/7/string:52:0,                 from /usr/include/c++/7/bits/locale_classes.h:40,                 from /usr/include/c++/7/bits/ios_base.h:41,                 from /usr/include/c++/7/ios:42,                 from /usr/include/c++/7/ostream:38,                 from /usr/include/c++/7/iostream:39,                 from /5nxqZgNmLL/main.cpp:1:/usr/include/c++/7/bits/basic_string.h:6477:3: note:   ‘std::__cxx11::stoi’   stoi(const wstring& __str, size_t* __idx = 0, int __base = 10)   ^~~~/usr/include/c++/7/bits/basic_string.h:6477:3: note:   ‘std::__cxx11::stoi’/5nxqZgNmLL/main.cpp:36:10: error: expected ‘;’ before ‘s’   string s;          ^/5nxqZgNmLL/main.cpp:37:16: error: ‘s’ was not declared in this scope   getline(cin, s, ';');                ^/5nxqZgNmLL/main.cpp:38:3: error: ‘sub’ was not declared in this scope   sub.push_back(s);   ^~~/5nxqZgNmLL/main.cpp:41:10: error: expected ‘;’ before ‘s’   string s;          ^/5nxqZgNmLL/main.cpp:42:16: error: ‘s’ was not declared in this scope   getline(cin, s, ';');                ^/5nxqZgNmLL/main.cpp:43:3: error: ‘verb’ was not declared in this scope   verb.push_back(s);   ^~~~/5nxqZgNmLL/main.cpp:46:10: error: expected ‘;’ before ‘s’   string s;          ^/5nxqZgNmLL/main.cpp:47:16: error: ‘s’ was not declared in this scope   getline(cin, s, ';');                ^/5nxqZgNmLL/main.cpp:48:3: error: ‘ob’ was not declared in this scope   ob.push_back(s);   ^~/5nxqZgNmLL/main.cpp:52:3: error: ‘cout’ was not declared in this scope   cout << \"No possible sentece.;\" << endl;   ^~~~/5nxqZgNmLL/main.cpp:52:3: note: suggested alternative:In file included from /5nxqZgNmLL/main.cpp:1:0:/usr/include/c++/7/iostream:61:18: note:   ‘std::cout’   extern ostream cout;  /// Linked to standard output                  ^~~~/5nxqZgNmLL/main.cpp:52:38: error: ‘endl’ was not declared in this scope   cout << \"No possible sentece.;\" << endl;                                      ^~~~/5nxqZgNmLL/main.cpp:52:38: note: suggested alternative:In file included from /usr/include/c++/7/iostream:39:0,                 from /5nxqZgNmLL/main.cpp:1:/usr/include/c++/7/ostream:590:5: note:   ‘std::endl’     endl(basic_ostream<_CharT, _Traits>& __os)     ^~~~" | LOG_DATA: {"userId":577,"data":{"testId":129,"userId":577}} | 
13/10/2021 Wednesday 16:09:27 | INFO | problem-compile.log | return /submit-bank-problem. | DATA: "Command failed: g++ -o /XRgD472qXG/main /XRgD472qXG/main.cpp/XRgD472qXG/main.cpp: In function ‘int main()’:/XRgD472qXG/main.cpp:15:58: error: ‘pow’ was not declared in this scope  for (int i = 2; i <= 20; i++) cache[i] = cache[i - 1] + pow(3, i - 1);                                                          ^~~/XRgD472qXG/main.cpp:15:58: note: suggested alternative: ‘putw’  for (int i = 2; i <= 20; i++) cache[i] = cache[i - 1] + pow(3, i - 1);                                                          ^~~                                                          putw/XRgD472qXG/main.cpp:42:2: error: ‘reverse’ was not declared in this scope  reverse(answer.begin(), answer.end());  ^~~~~~~" | LOG_DATA: {"userId":577,"data":{"testId":129,"userId":577}} | 
13/10/2021 Wednesday 16:09:27 | INFO | problem-compile.log | return /submit-bank-problem. | DATA: "Command failed: g++ -o /hZaZO94m3K/main /hZaZO94m3K/main.cpp/hZaZO94m3K/main.cpp: In function ‘int main()’:/hZaZO94m3K/main.cpp:15:58: error: ‘pow’ was not declared in this scope  for (int i = 2; i <= 20; i++) cache[i] = cache[i - 1] + pow(3, i - 1);                                                          ^~~/hZaZO94m3K/main.cpp:15:58: note: suggested alternative: ‘putw’  for (int i = 2; i <= 20; i++) cache[i] = cache[i - 1] + pow(3, i - 1);                                                          ^~~                                                          putw/hZaZO94m3K/main.cpp:42:2: error: ‘reverse’ was not declared in this scope  reverse(answer.begin(), answer.end());  ^~~~~~~" | LOG_DATA: {"userId":577,"data":{"testId":129,"userId":577}} | 
13/10/2021 Wednesday 16:09:27 | INFO | problem-compile.log | return /submit-bank-problem. | DATA: "Command failed: g++ -o /4x7UIFtbhH/main /4x7UIFtbhH/main.cpp/4x7UIFtbhH/main.cpp: In function ‘int main()’:/4x7UIFtbhH/main.cpp:15:58: error: ‘pow’ was not declared in this scope  for (int i = 2; i <= 20; i++) cache[i] = cache[i - 1] + pow(3, i - 1);                                                          ^~~/4x7UIFtbhH/main.cpp:15:58: note: suggested alternative: ‘putw’  for (int i = 2; i <= 20; i++) cache[i] = cache[i - 1] + pow(3, i - 1);                                                          ^~~                                                          putw/4x7UIFtbhH/main.cpp:42:2: error: ‘reverse’ was not declared in this scope  reverse(answer.begin(), answer.end());  ^~~~~~~" | LOG_DATA: {"userId":577,"data":{"testId":129,"userId":577}} | 
13/10/2021 Wednesday 16:09:27 | INFO | problem-compile.log | return /submit-bank-problem. | DATA: "Command failed: g++ -o /9CoZLbLhyA/main /9CoZLbLhyA/main.cpp/9CoZLbLhyA/main.cpp: In function ‘int main()’:/9CoZLbLhyA/main.cpp:15:58: error: ‘pow’ was not declared in this scope  for (int i = 2; i <= 20; i++) cache[i] = cache[i - 1] + pow(3, i - 1);                                                          ^~~/9CoZLbLhyA/main.cpp:15:58: note: suggested alternative: ‘putw’  for (int i = 2; i <= 20; i++) cache[i] = cache[i - 1] + pow(3, i - 1);                                                          ^~~                                                          putw/9CoZLbLhyA/main.cpp:42:2: error: ‘reverse’ was not declared in this scope  reverse(answer.begin(), answer.end());  ^~~~~~~" | LOG_DATA: {"userId":577,"data":{"testId":129,"userId":577}} | 
13/10/2021 Wednesday 16:09:27 | INFO | problem-compile.log | return /submit-bank-problem. | DATA: "Command failed: g++ -o /hvt48vXMEy/main /hvt48vXMEy/main.cpp/hvt48vXMEy/main.cpp:4:22: error: ‘string’ has not been declared void makeOb(int idx, string s) {                      ^~~~~~/hvt48vXMEy/main.cpp: In function ‘void makeOb(int, int)’:/hvt48vXMEy/main.cpp:6:2: error: ‘cout’ was not declared in this scope  cout << s + ob[idx] << \";\";  ^~~~/hvt48vXMEy/main.cpp:6:2: note: suggested alternative:In file included from /hvt48vXMEy/main.cpp:1:0:/usr/include/c++/7/iostream:61:18: note:   ‘std::cout’   extern ostream cout;  /// Linked to standard output                  ^~~~/hvt48vXMEy/main.cpp:6:14: error: ‘ob’ was not declared in this scope  cout << s + ob[idx] << \";\";              ^~/hvt48vXMEy/main.cpp: At global scope:/hvt48vXMEy/main.cpp:10:23: error: ‘string’ has not been declared void makeVerb(int idx,string s) {                       ^~~~~~/hvt48vXMEy/main.cpp: In function ‘void makeVerb(int, int)’:/hvt48vXMEy/main.cpp:11:22: error: ‘ob’ was not declared in this scope  for (int i = 0; i < ob.size(); i++) makeOb(i, s + verb[idx]+\" \");                      ^~/hvt48vXMEy/main.cpp:11:52: error: ‘verb’ was not declared in this scope  for (int i = 0; i < ob.size(); i++) makeOb(i, s + verb[idx]+\" \");                                                    ^~~~/hvt48vXMEy/main.cpp: In function ‘void makeSub(int)’:/hvt48vXMEy/main.cpp:16:22: error: ‘verb’ was not declared in this scope  for (int i = 0; i < verb.size(); i++) makeVerb(i, sub[idx]+\" \");                      ^~~~/hvt48vXMEy/main.cpp:16:52: error: ‘sub’ was not declared in this scope  for (int i = 0; i < verb.size(); i++) makeVerb(i, sub[idx]+\" \");                                                    ^~~/hvt48vXMEy/main.cpp: In function ‘void solve()’:/hvt48vXMEy/main.cpp:21:22: error: ‘sub’ was not declared in this scope  for (int i = 0; i < sub.size(); i++) makeSub(i);                      ^~~/hvt48vXMEy/main.cpp: In function ‘int main()’:/hvt48vXMEy/main.cpp:25:2: error: ‘string’ was not declared in this scope  string N, M, L;  ^~~~~~/hvt48vXMEy/main.cpp:25:2: note: suggested alternatives:In file included from /usr/include/c++/7/iosfwd:39:0,                 from /usr/include/c++/7/ios:38,                 from /usr/include/c++/7/ostream:38,                 from /usr/include/c++/7/iostream:39,                 from /hvt48vXMEy/main.cpp:1:/usr/include/c++/7/bits/stringfwd.h:74:33: note:   ‘std::__cxx11::string’   typedef basic_string<char>    string;                                 ^~~~~~/usr/include/c++/7/bits/stringfwd.h:74:33: note:   ‘std::__cxx11::string’/hvt48vXMEy/main.cpp:27:10: error: ‘cin’ was not declared in this scope  getline(cin, M, ';');          ^~~/hvt48vXMEy/main.cpp:27:10: note: suggested alternative:In file included from /hvt48vXMEy/main.cpp:1:0:/usr/include/c++/7/iostream:60:18: note:   ‘std::cin’   extern istream cin;  /// Linked to standard input                  ^~~/hvt48vXMEy/main.cpp:27:15: error: ‘M’ was not declared in this scope  getline(cin, M, ';');               ^/hvt48vXMEy/main.cpp:28:15: error: ‘N’ was not declared in this scope  getline(cin, N, ';');               ^/hvt48vXMEy/main.cpp:29:15: error: ‘L’ was not declared in this scope  getline(cin, L, ';');               ^/hvt48vXMEy/main.cpp:31:6: error: ‘stoi’ was not declared in this scope  n = stoi(N);      ^~~~/hvt48vXMEy/main.cpp:31:6: note: suggested alternatives:In file included from /usr/include/c++/7/string:52:0,                 from /usr/include/c++/7/bits/locale_classes.h:40,                 from /usr/include/c++/7/bits/ios_base.h:41,                 from /usr/include/c++/7/ios:42,                 from /usr/include/c++/7/ostream:38,                 from /usr/include/c++/7/iostream:39,                 from /hvt48vXMEy/main.cpp:1:/usr/include/c++/7/bits/basic_string.h:6477:3: note:   ‘std::__cxx11::stoi’   stoi(const wstring& __str, size_t* __idx = 0, int __base = 10)   ^~~~/usr/include/c++/7/bits/basic_string.h:6477:3: note:   ‘std::__cxx11::stoi’/hvt48vXMEy/main.cpp:36:10: error: expected ‘;’ before ‘s’   string s;          ^/hvt48vXMEy/main.cpp:37:16: error: ‘s’ was not declared in this scope   getline(cin, s, ';');                ^/hvt48vXMEy/main.cpp:38:3: error: ‘sub’ was not declared in this scope   sub.push_back(s);   ^~~/hvt48vXMEy/main.cpp:41:10: error: expected ‘;’ before ‘s’   string s;          ^/hvt48vXMEy/main.cpp:42:16: error: ‘s’ was not declared in this scope   getline(cin, s, ';');                ^/hvt48vXMEy/main.cpp:43:3: error: ‘verb’ was not declared in this scope   verb.push_back(s);   ^~~~/hvt48vXMEy/main.cpp:46:10: error: expected ‘;’ before ‘s’   string s;          ^/hvt48vXMEy/main.cpp:47:16: error: ‘s’ was not declared in this scope   getline(cin, s, ';');                ^/hvt48vXMEy/main.cpp:48:3: error: ‘ob’ was not declared in this scope   ob.push_back(s);   ^~/hvt48vXMEy/main.cpp:52:3: error: ‘cout’ was not declared in this scope   cout << \"No possible sentece.;\" << endl;   ^~~~/hvt48vXMEy/main.cpp:52:3: note: suggested alternative:In file included from /hvt48vXMEy/main.cpp:1:0:/usr/include/c++/7/iostream:61:18: note:   ‘std::cout’   extern ostream cout;  /// Linked to standard output                  ^~~~/hvt48vXMEy/main.cpp:52:38: error: ‘endl’ was not declared in this scope   cout << \"No possible sentece.;\" << endl;                                      ^~~~/hvt48vXMEy/main.cpp:52:38: note: suggested alternative:In file included from /usr/include/c++/7/iostream:39:0,                 from /hvt48vXMEy/main.cpp:1:/usr/include/c++/7/ostream:590:5: note:   ‘std::endl’     endl(basic_ostream<_CharT, _Traits>& __os)     ^~~~" | LOG_DATA: {"userId":577,"data":{"testId":129,"userId":577}} | 
13/10/2021 Wednesday 16:09:27 | INFO | problem-compile.log | return /submit-bank-problem. | DATA: "Command failed: g++ -o /kjDOJ55dTL/main /kjDOJ55dTL/main.cpp/kjDOJ55dTL/main.cpp:4:22: error: ‘string’ has not been declared void makeOb(int idx, string s) {                      ^~~~~~/kjDOJ55dTL/main.cpp: In function ‘void makeOb(int, int)’:/kjDOJ55dTL/main.cpp:6:2: error: ‘cout’ was not declared in this scope  cout << s + ob[idx] << \";\";  ^~~~/kjDOJ55dTL/main.cpp:6:2: note: suggested alternative:In file included from /kjDOJ55dTL/main.cpp:1:0:/usr/include/c++/7/iostream:61:18: note:   ‘std::cout’   extern ostream cout;  /// Linked to standard output                  ^~~~/kjDOJ55dTL/main.cpp:6:14: error: ‘ob’ was not declared in this scope  cout << s + ob[idx] << \";\";              ^~/kjDOJ55dTL/main.cpp: At global scope:/kjDOJ55dTL/main.cpp:10:23: error: ‘string’ has not been declared void makeVerb(int idx,string s) {                       ^~~~~~/kjDOJ55dTL/main.cpp: In function ‘void makeVerb(int, int)’:/kjDOJ55dTL/main.cpp:11:22: error: ‘ob’ was not declared in this scope  for (int i = 0; i < ob.size(); i++) makeOb(i, s + verb[idx]+\" \");                      ^~/kjDOJ55dTL/main.cpp:11:52: error: ‘verb’ was not declared in this scope  for (int i = 0; i < ob.size(); i++) makeOb(i, s + verb[idx]+\" \");                                                    ^~~~/kjDOJ55dTL/main.cpp: In function ‘void makeSub(int)’:/kjDOJ55dTL/main.cpp:16:22: error: ‘verb’ was not declared in this scope  for (int i = 0; i < verb.size(); i++) makeVerb(i, sub[idx]+\" \");                      ^~~~/kjDOJ55dTL/main.cpp:16:52: error: ‘sub’ was not declared in this scope  for (int i = 0; i < verb.size(); i++) makeVerb(i, sub[idx]+\" \");                                                    ^~~/kjDOJ55dTL/main.cpp: In function ‘void solve()’:/kjDOJ55dTL/main.cpp:21:22: error: ‘sub’ was not declared in this scope  for (int i = 0; i < sub.size(); i++) makeSub(i);                      ^~~/kjDOJ55dTL/main.cpp: In function ‘int main()’:/kjDOJ55dTL/main.cpp:25:2: error: ‘string’ was not declared in this scope  string N, M, L;  ^~~~~~/kjDOJ55dTL/main.cpp:25:2: note: suggested alternatives:In file included from /usr/include/c++/7/iosfwd:39:0,                 from /usr/include/c++/7/ios:38,                 from /usr/include/c++/7/ostream:38,                 from /usr/include/c++/7/iostream:39,                 from /kjDOJ55dTL/main.cpp:1:/usr/include/c++/7/bits/stringfwd.h:74:33: note:   ‘std::__cxx11::string’   typedef basic_string<char>    string;                                 ^~~~~~/usr/include/c++/7/bits/stringfwd.h:74:33: note:   ‘std::__cxx11::string’/kjDOJ55dTL/main.cpp:27:10: error: ‘cin’ was not declared in this scope  getline(cin, M, ';');          ^~~/kjDOJ55dTL/main.cpp:27:10: note: suggested alternative:In file included from /kjDOJ55dTL/main.cpp:1:0:/usr/include/c++/7/iostream:60:18: note:   ‘std::cin’   extern istream cin;  /// Linked to standard input                  ^~~/kjDOJ55dTL/main.cpp:27:15: error: ‘M’ was not declared in this scope  getline(cin, M, ';');               ^/kjDOJ55dTL/main.cpp:28:15: error: ‘N’ was not declared in this scope  getline(cin, N, ';');               ^/kjDOJ55dTL/main.cpp:29:15: error: ‘L’ was not declared in this scope  getline(cin, L, ';');               ^/kjDOJ55dTL/main.cpp:31:6: error: ‘stoi’ was not declared in this scope  n = stoi(N);      ^~~~/kjDOJ55dTL/main.cpp:31:6: note: suggested alternatives:In file included from /usr/include/c++/7/string:52:0,                 from /usr/include/c++/7/bits/locale_classes.h:40,                 from /usr/include/c++/7/bits/ios_base.h:41,                 from /usr/include/c++/7/ios:42,                 from /usr/include/c++/7/ostream:38,                 from /usr/include/c++/7/iostream:39,                 from /kjDOJ55dTL/main.cpp:1:/usr/include/c++/7/bits/basic_string.h:6477:3: note:   ‘std::__cxx11::stoi’   stoi(const wstring& __str, size_t* __idx = 0, int __base = 10)   ^~~~/usr/include/c++/7/bits/basic_string.h:6477:3: note:   ‘std::__cxx11::stoi’/kjDOJ55dTL/main.cpp:36:10: error: expected ‘;’ before ‘s’   string s;          ^/kjDOJ55dTL/main.cpp:37:16: error: ‘s’ was not declared in this scope   getline(cin, s, ';');                ^/kjDOJ55dTL/main.cpp:38:3: error: ‘sub’ was not declared in this scope   sub.push_back(s);   ^~~/kjDOJ55dTL/main.cpp:41:10: error: expected ‘;’ before ‘s’   string s;          ^/kjDOJ55dTL/main.cpp:42:16: error: ‘s’ was not declared in this scope   getline(cin, s, ';');                ^/kjDOJ55dTL/main.cpp:43:3: error: ‘verb’ was not declared in this scope   verb.push_back(s);   ^~~~/kjDOJ55dTL/main.cpp:46:10: error: expected ‘;’ before ‘s’   string s;          ^/kjDOJ55dTL/main.cpp:47:16: error: ‘s’ was not declared in this scope   getline(cin, s, ';');                ^/kjDOJ55dTL/main.cpp:48:3: error: ‘ob’ was not declared in this scope   ob.push_back(s);   ^~/kjDOJ55dTL/main.cpp:52:3: error: ‘cout’ was not declared in this scope   cout << \"No possible sentece.;\" << endl;   ^~~~/kjDOJ55dTL/main.cpp:52:3: note: suggested alternative:In file included from /kjDOJ55dTL/main.cpp:1:0:/usr/include/c++/7/iostream:61:18: note:   ‘std::cout’   extern ostream cout;  /// Linked to standard output                  ^~~~/kjDOJ55dTL/main.cpp:52:38: error: ‘endl’ was not declared in this scope   cout << \"No possible sentece.;\" << endl;                                      ^~~~/kjDOJ55dTL/main.cpp:52:38: note: suggested alternative:In file included from /usr/include/c++/7/iostream:39:0,                 from /kjDOJ55dTL/main.cpp:1:/usr/include/c++/7/ostream:590:5: note:   ‘std::endl’     endl(basic_ostream<_CharT, _Traits>& __os)     ^~~~" | LOG_DATA: {"userId":577,"data":{"testId":129,"userId":577}} | 
13/10/2021 Wednesday 16:09:27 | INFO | problem-compile.log | return /submit-bank-problem. | DATA: "Command failed: g++ -o /x8LMs5tVTw/main /x8LMs5tVTw/main.cpp/x8LMs5tVTw/main.cpp:4:22: error: ‘string’ has not been declared void makeOb(int idx, string s) {                      ^~~~~~/x8LMs5tVTw/main.cpp: In function ‘void makeOb(int, int)’:/x8LMs5tVTw/main.cpp:6:2: error: ‘cout’ was not declared in this scope  cout << s + ob[idx] << \";\";  ^~~~/x8LMs5tVTw/main.cpp:6:2: note: suggested alternative:In file included from /x8LMs5tVTw/main.cpp:1:0:/usr/include/c++/7/iostream:61:18: note:   ‘std::cout’   extern ostream cout;  /// Linked to standard output                  ^~~~/x8LMs5tVTw/main.cpp:6:14: error: ‘ob’ was not declared in this scope  cout << s + ob[idx] << \";\";              ^~/x8LMs5tVTw/main.cpp: At global scope:/x8LMs5tVTw/main.cpp:10:23: error: ‘string’ has not been declared void makeVerb(int idx,string s) {                       ^~~~~~/x8LMs5tVTw/main.cpp: In function ‘void makeVerb(int, int)’:/x8LMs5tVTw/main.cpp:11:22: error: ‘ob’ was not declared in this scope  for (int i = 0; i < ob.size(); i++) makeOb(i, s + verb[idx]+\" \");                      ^~/x8LMs5tVTw/main.cpp:11:52: error: ‘verb’ was not declared in this scope  for (int i = 0; i < ob.size(); i++) makeOb(i, s + verb[idx]+\" \");                                                    ^~~~/x8LMs5tVTw/main.cpp: In function ‘void makeSub(int)’:/x8LMs5tVTw/main.cpp:16:22: error: ‘verb’ was not declared in this scope  for (int i = 0; i < verb.size(); i++) makeVerb(i, sub[idx]+\" \");                      ^~~~/x8LMs5tVTw/main.cpp:16:52: error: ‘sub’ was not declared in this scope  for (int i = 0; i < verb.size(); i++) makeVerb(i, sub[idx]+\" \");                                                    ^~~/x8LMs5tVTw/main.cpp: In function ‘void solve()’:/x8LMs5tVTw/main.cpp:21:22: error: ‘sub’ was not declared in this scope  for (int i = 0; i < sub.size(); i++) makeSub(i);                      ^~~/x8LMs5tVTw/main.cpp: In function ‘int main()’:/x8LMs5tVTw/main.cpp:25:2: error: ‘string’ was not declared in this scope  string N, M, L;  ^~~~~~/x8LMs5tVTw/main.cpp:25:2: note: suggested alternatives:In file included from /usr/include/c++/7/iosfwd:39:0,                 from /usr/include/c++/7/ios:38,                 from /usr/include/c++/7/ostream:38,                 from /usr/include/c++/7/iostream:39,                 from /x8LMs5tVTw/main.cpp:1:/usr/include/c++/7/bits/stringfwd.h:74:33: note:   ‘std::__cxx11::string’   typedef basic_string<char>    string;                                 ^~~~~~/usr/include/c++/7/bits/stringfwd.h:74:33: note:   ‘std::__cxx11::string’/x8LMs5tVTw/main.cpp:27:10: error: ‘cin’ was not declared in this scope  getline(cin, M, ';');          ^~~/x8LMs5tVTw/main.cpp:27:10: note: suggested alternative:In file included from /x8LMs5tVTw/main.cpp:1:0:/usr/include/c++/7/iostream:60:18: note:   ‘std::cin’   extern istream cin;  /// Linked to standard input                  ^~~/x8LMs5tVTw/main.cpp:27:15: error: ‘M’ was not declared in this scope  getline(cin, M, ';');               ^/x8LMs5tVTw/main.cpp:28:15: error: ‘N’ was not declared in this scope  getline(cin, N, ';');               ^/x8LMs5tVTw/main.cpp:29:15: error: ‘L’ was not declared in this scope  getline(cin, L, ';');               ^/x8LMs5tVTw/main.cpp:31:6: error: ‘stoi’ was not declared in this scope  n = stoi(N);      ^~~~/x8LMs5tVTw/main.cpp:31:6: note: suggested alternatives:In file included from /usr/include/c++/7/string:52:0,                 from /usr/include/c++/7/bits/locale_classes.h:40,                 from /usr/include/c++/7/bits/ios_base.h:41,                 from /usr/include/c++/7/ios:42,                 from /usr/include/c++/7/ostream:38,                 from /usr/include/c++/7/iostream:39,                 from /x8LMs5tVTw/main.cpp:1:/usr/include/c++/7/bits/basic_string.h:6477:3: note:   ‘std::__cxx11::stoi’   stoi(const wstring& __str, size_t* __idx = 0, int __base = 10)   ^~~~/usr/include/c++/7/bits/basic_string.h:6477:3: note:   ‘std::__cxx11::stoi’/x8LMs5tVTw/main.cpp:36:10: error: expected ‘;’ before ‘s’   string s;          ^/x8LMs5tVTw/main.cpp:37:16: error: ‘s’ was not declared in this scope   getline(cin, s, ';');                ^/x8LMs5tVTw/main.cpp:38:3: error: ‘sub’ was not declared in this scope   sub.push_back(s);   ^~~/x8LMs5tVTw/main.cpp:41:10: error: expected ‘;’ before ‘s’   string s;          ^/x8LMs5tVTw/main.cpp:42:16: error: ‘s’ was not declared in this scope   getline(cin, s, ';');                ^/x8LMs5tVTw/main.cpp:43:3: error: ‘verb’ was not declared in this scope   verb.push_back(s);   ^~~~/x8LMs5tVTw/main.cpp:46:10: error: expected ‘;’ before ‘s’   string s;          ^/x8LMs5tVTw/main.cpp:47:16: error: ‘s’ was not declared in this scope   getline(cin, s, ';');                ^/x8LMs5tVTw/main.cpp:48:3: error: ‘ob’ was not declared in this scope   ob.push_back(s);   ^~/x8LMs5tVTw/main.cpp:52:3: error: ‘cout’ was not declared in this scope   cout << \"No possible sentece.;\" << endl;   ^~~~/x8LMs5tVTw/main.cpp:52:3: note: suggested alternative:In file included from /x8LMs5tVTw/main.cpp:1:0:/usr/include/c++/7/iostream:61:18: note:   ‘std::cout’   extern ostream cout;  /// Linked to standard output                  ^~~~/x8LMs5tVTw/main.cpp:52:38: error: ‘endl’ was not declared in this scope   cout << \"No possible sentece.;\" << endl;                                      ^~~~/x8LMs5tVTw/main.cpp:52:38: note: suggested alternative:In file included from /usr/include/c++/7/iostream:39:0,                 from /x8LMs5tVTw/main.cpp:1:/usr/include/c++/7/ostream:590:5: note:   ‘std::endl’     endl(basic_ostream<_CharT, _Traits>& __os)     ^~~~" | LOG_DATA: {"userId":577,"data":{"testId":129,"userId":577}} | 
13/10/2021 Wednesday 16:09:27 | INFO | problem-compile.log | return /submit-bank-problem. | DATA: "Command failed: g++ -o /6O72RAlGMm/main /6O72RAlGMm/main.cpp/6O72RAlGMm/main.cpp: In function ‘int main()’:/6O72RAlGMm/main.cpp:15:58: error: ‘pow’ was not declared in this scope  for (int i = 2; i <= 20; i++) cache[i] = cache[i - 1] + pow(3, i - 1);                                                          ^~~/6O72RAlGMm/main.cpp:15:58: note: suggested alternative: ‘putw’  for (int i = 2; i <= 20; i++) cache[i] = cache[i - 1] + pow(3, i - 1);                                                          ^~~                                                          putw/6O72RAlGMm/main.cpp:42:2: error: ‘reverse’ was not declared in this scope  reverse(answer.begin(), answer.end());  ^~~~~~~" | LOG_DATA: {"userId":577,"data":{"testId":129,"userId":577}} | 
13/10/2021 Wednesday 16:09:27 | INFO | problem-compile.log | return /submit-bank-problem. | DATA: "Command failed: g++ -o /zjfcJMScrH/main /zjfcJMScrH/main.cpp/zjfcJMScrH/main.cpp:4:22: error: ‘string’ has not been declared void makeOb(int idx, string s) {                      ^~~~~~/zjfcJMScrH/main.cpp: In function ‘void makeOb(int, int)’:/zjfcJMScrH/main.cpp:6:2: error: ‘cout’ was not declared in this scope  cout << s + ob[idx] << \";\";  ^~~~/zjfcJMScrH/main.cpp:6:2: note: suggested alternative:In file included from /zjfcJMScrH/main.cpp:1:0:/usr/include/c++/7/iostream:61:18: note:   ‘std::cout’   extern ostream cout;  /// Linked to standard output                  ^~~~/zjfcJMScrH/main.cpp:6:14: error: ‘ob’ was not declared in this scope  cout << s + ob[idx] << \";\";              ^~/zjfcJMScrH/main.cpp: At global scope:/zjfcJMScrH/main.cpp:10:23: error: ‘string’ has not been declared void makeVerb(int idx,string s) {                       ^~~~~~/zjfcJMScrH/main.cpp: In function ‘void makeVerb(int, int)’:/zjfcJMScrH/main.cpp:11:22: error: ‘ob’ was not declared in this scope  for (int i = 0; i < ob.size(); i++) makeOb(i, s + verb[idx]+\" \");                      ^~/zjfcJMScrH/main.cpp:11:52: error: ‘verb’ was not declared in this scope  for (int i = 0; i < ob.size(); i++) makeOb(i, s + verb[idx]+\" \");                                                    ^~~~/zjfcJMScrH/main.cpp: In function ‘void makeSub(int)’:/zjfcJMScrH/main.cpp:16:22: error: ‘verb’ was not declared in this scope  for (int i = 0; i < verb.size(); i++) makeVerb(i, sub[idx]+\" \");                      ^~~~/zjfcJMScrH/main.cpp:16:52: error: ‘sub’ was not declared in this scope  for (int i = 0; i < verb.size(); i++) makeVerb(i, sub[idx]+\" \");                                                    ^~~/zjfcJMScrH/main.cpp: In function ‘void solve()’:/zjfcJMScrH/main.cpp:21:22: error: ‘sub’ was not declared in this scope  for (int i = 0; i < sub.size(); i++) makeSub(i);                      ^~~/zjfcJMScrH/main.cpp: In function ‘int main()’:/zjfcJMScrH/main.cpp:25:2: error: ‘string’ was not declared in this scope  string N, M, L;  ^~~~~~/zjfcJMScrH/main.cpp:25:2: note: suggested alternatives:In file included from /usr/include/c++/7/iosfwd:39:0,                 from /usr/include/c++/7/ios:38,                 from /usr/include/c++/7/ostream:38,                 from /usr/include/c++/7/iostream:39,                 from /zjfcJMScrH/main.cpp:1:/usr/include/c++/7/bits/stringfwd.h:74:33: note:   ‘std::__cxx11::string’   typedef basic_string<char>    string;                                 ^~~~~~/usr/include/c++/7/bits/stringfwd.h:74:33: note:   ‘std::__cxx11::string’/zjfcJMScrH/main.cpp:27:10: error: ‘cin’ was not declared in this scope  getline(cin, M, ';');          ^~~/zjfcJMScrH/main.cpp:27:10: note: suggested alternative:In file included from /zjfcJMScrH/main.cpp:1:0:/usr/include/c++/7/iostream:60:18: note:   ‘std::cin’   extern istream cin;  /// Linked to standard input                  ^~~/zjfcJMScrH/main.cpp:27:15: error: ‘M’ was not declared in this scope  getline(cin, M, ';');               ^/zjfcJMScrH/main.cpp:28:15: error: ‘N’ was not declared in this scope  getline(cin, N, ';');               ^/zjfcJMScrH/main.cpp:29:15: error: ‘L’ was not declared in this scope  getline(cin, L, ';');               ^/zjfcJMScrH/main.cpp:31:6: error: ‘stoi’ was not declared in this scope  n = stoi(N);      ^~~~/zjfcJMScrH/main.cpp:31:6: note: suggested alternatives:In file included from /usr/include/c++/7/string:52:0,                 from /usr/include/c++/7/bits/locale_classes.h:40,                 from /usr/include/c++/7/bits/ios_base.h:41,                 from /usr/include/c++/7/ios:42,                 from /usr/include/c++/7/ostream:38,                 from /usr/include/c++/7/iostream:39,                 from /zjfcJMScrH/main.cpp:1:/usr/include/c++/7/bits/basic_string.h:6477:3: note:   ‘std::__cxx11::stoi’   stoi(const wstring& __str, size_t* __idx = 0, int __base = 10)   ^~~~/usr/include/c++/7/bits/basic_string.h:6477:3: note:   ‘std::__cxx11::stoi’/zjfcJMScrH/main.cpp:36:10: error: expected ‘;’ before ‘s’   string s;          ^/zjfcJMScrH/main.cpp:37:16: error: ‘s’ was not declared in this scope   getline(cin, s, ';');                ^/zjfcJMScrH/main.cpp:38:3: error: ‘sub’ was not declared in this scope   sub.push_back(s);   ^~~/zjfcJMScrH/main.cpp:41:10: error: expected ‘;’ before ‘s’   string s;          ^/zjfcJMScrH/main.cpp:42:16: error: ‘s’ was not declared in this scope   getline(cin, s, ';');                ^/zjfcJMScrH/main.cpp:43:3: error: ‘verb’ was not declared in this scope   verb.push_back(s);   ^~~~/zjfcJMScrH/main.cpp:46:10: error: expected ‘;’ before ‘s’   string s;          ^/zjfcJMScrH/main.cpp:47:16: error: ‘s’ was not declared in this scope   getline(cin, s, ';');                ^/zjfcJMScrH/main.cpp:48:3: error: ‘ob’ was not declared in this scope   ob.push_back(s);   ^~/zjfcJMScrH/main.cpp:52:3: error: ‘cout’ was not declared in this scope   cout << \"No possible sentece.;\" << endl;   ^~~~/zjfcJMScrH/main.cpp:52:3: note: suggested alternative:In file included from /zjfcJMScrH/main.cpp:1:0:/usr/include/c++/7/iostream:61:18: note:   ‘std::cout’   extern ostream cout;  /// Linked to standard output                  ^~~~/zjfcJMScrH/main.cpp:52:38: error: ‘endl’ was not declared in this scope   cout << \"No possible sentece.;\" << endl;                                      ^~~~/zjfcJMScrH/main.cpp:52:38: note: suggested alternative:In file included from /usr/include/c++/7/iostream:39:0,                 from /zjfcJMScrH/main.cpp:1:/usr/include/c++/7/ostream:590:5: note:   ‘std::endl’     endl(basic_ostream<_CharT, _Traits>& __os)     ^~~~" | LOG_DATA: {"userId":577,"data":{"testId":129,"userId":577}} | 
13/10/2021 Wednesday 16:09:27 | INFO | problem-compile.log | return /submit-bank-problem. | DATA: "Command failed: g++ -o /NL7AfWLJOo/main /NL7AfWLJOo/main.cpp/NL7AfWLJOo/main.cpp:4:22: error: ‘string’ has not been declared void makeOb(int idx, string s) {                      ^~~~~~/NL7AfWLJOo/main.cpp: In function ‘void makeOb(int, int)’:/NL7AfWLJOo/main.cpp:6:2: error: ‘cout’ was not declared in this scope  cout << s + ob[idx] << \";\";  ^~~~/NL7AfWLJOo/main.cpp:6:2: note: suggested alternative:In file included from /NL7AfWLJOo/main.cpp:1:0:/usr/include/c++/7/iostream:61:18: note:   ‘std::cout’   extern ostream cout;  /// Linked to standard output                  ^~~~/NL7AfWLJOo/main.cpp:6:14: error: ‘ob’ was not declared in this scope  cout << s + ob[idx] << \";\";              ^~/NL7AfWLJOo/main.cpp: At global scope:/NL7AfWLJOo/main.cpp:10:23: error: ‘string’ has not been declared void makeVerb(int idx,string s) {                       ^~~~~~/NL7AfWLJOo/main.cpp: In function ‘void makeVerb(int, int)’:/NL7AfWLJOo/main.cpp:11:22: error: ‘ob’ was not declared in this scope  for (int i = 0; i < ob.size(); i++) makeOb(i, s + verb[idx]+\" \");                      ^~/NL7AfWLJOo/main.cpp:11:52: error: ‘verb’ was not declared in this scope  for (int i = 0; i < ob.size(); i++) makeOb(i, s + verb[idx]+\" \");                                                    ^~~~/NL7AfWLJOo/main.cpp: In function ‘void makeSub(int)’:/NL7AfWLJOo/main.cpp:16:22: error: ‘verb’ was not declared in this scope  for (int i = 0; i < verb.size(); i++) makeVerb(i, sub[idx]+\" \");                      ^~~~/NL7AfWLJOo/main.cpp:16:52: error: ‘sub’ was not declared in this scope  for (int i = 0; i < verb.size(); i++) makeVerb(i, sub[idx]+\" \");                                                    ^~~/NL7AfWLJOo/main.cpp: In function ‘void solve()’:/NL7AfWLJOo/main.cpp:21:22: error: ‘sub’ was not declared in this scope  for (int i = 0; i < sub.size(); i++) makeSub(i);                      ^~~/NL7AfWLJOo/main.cpp: In function ‘int main()’:/NL7AfWLJOo/main.cpp:25:2: error: ‘string’ was not declared in this scope  string N, M, L;  ^~~~~~/NL7AfWLJOo/main.cpp:25:2: note: suggested alternatives:In file included from /usr/include/c++/7/iosfwd:39:0,                 from /usr/include/c++/7/ios:38,                 from /usr/include/c++/7/ostream:38,                 from /usr/include/c++/7/iostream:39,                 from /NL7AfWLJOo/main.cpp:1:/usr/include/c++/7/bits/stringfwd.h:74:33: note:   ‘std::__cxx11::string’   typedef basic_string<char>    string;                                 ^~~~~~/usr/include/c++/7/bits/stringfwd.h:74:33: note:   ‘std::__cxx11::string’/NL7AfWLJOo/main.cpp:27:10: error: ‘cin’ was not declared in this scope  getline(cin, M, ';');          ^~~/NL7AfWLJOo/main.cpp:27:10: note: suggested alternative:In file included from /NL7AfWLJOo/main.cpp:1:0:/usr/include/c++/7/iostream:60:18: note:   ‘std::cin’   extern istream cin;  /// Linked to standard input                  ^~~/NL7AfWLJOo/main.cpp:27:15: error: ‘M’ was not declared in this scope  getline(cin, M, ';');               ^/NL7AfWLJOo/main.cpp:28:15: error: ‘N’ was not declared in this scope  getline(cin, N, ';');               ^/NL7AfWLJOo/main.cpp:29:15: error: ‘L’ was not declared in this scope  getline(cin, L, ';');               ^/NL7AfWLJOo/main.cpp:31:6: error: ‘stoi’ was not declared in this scope  n = stoi(N);      ^~~~/NL7AfWLJOo/main.cpp:31:6: note: suggested alternatives:In file included from /usr/include/c++/7/string:52:0,                 from /usr/include/c++/7/bits/locale_classes.h:40,                 from /usr/include/c++/7/bits/ios_base.h:41,                 from /usr/include/c++/7/ios:42,                 from /usr/include/c++/7/ostream:38,                 from /usr/include/c++/7/iostream:39,                 from /NL7AfWLJOo/main.cpp:1:/usr/include/c++/7/bits/basic_string.h:6477:3: note:   ‘std::__cxx11::stoi’   stoi(const wstring& __str, size_t* __idx = 0, int __base = 10)   ^~~~/usr/include/c++/7/bits/basic_string.h:6477:3: note:   ‘std::__cxx11::stoi’/NL7AfWLJOo/main.cpp:36:10: error: expected ‘;’ before ‘s’   string s;          ^/NL7AfWLJOo/main.cpp:37:16: error: ‘s’ was not declared in this scope   getline(cin, s, ';');                ^/NL7AfWLJOo/main.cpp:38:3: error: ‘sub’ was not declared in this scope   sub.push_back(s);   ^~~/NL7AfWLJOo/main.cpp:41:10: error: expected ‘;’ before ‘s’   string s;          ^/NL7AfWLJOo/main.cpp:42:16: error: ‘s’ was not declared in this scope   getline(cin, s, ';');                ^/NL7AfWLJOo/main.cpp:43:3: error: ‘verb’ was not declared in this scope   verb.push_back(s);   ^~~~/NL7AfWLJOo/main.cpp:46:10: error: expected ‘;’ before ‘s’   string s;          ^/NL7AfWLJOo/main.cpp:47:16: error: ‘s’ was not declared in this scope   getline(cin, s, ';');                ^/NL7AfWLJOo/main.cpp:48:3: error: ‘ob’ was not declared in this scope   ob.push_back(s);   ^~/NL7AfWLJOo/main.cpp:52:3: error: ‘cout’ was not declared in this scope   cout << \"No possible sentece.;\" << endl;   ^~~~/NL7AfWLJOo/main.cpp:52:3: note: suggested alternative:In file included from /NL7AfWLJOo/main.cpp:1:0:/usr/include/c++/7/iostream:61:18: note:   ‘std::cout’   extern ostream cout;  /// Linked to standard output                  ^~~~/NL7AfWLJOo/main.cpp:52:38: error: ‘endl’ was not declared in this scope   cout << \"No possible sentece.;\" << endl;                                      ^~~~/NL7AfWLJOo/main.cpp:52:38: note: suggested alternative:In file included from /usr/include/c++/7/iostream:39:0,                 from /NL7AfWLJOo/main.cpp:1:/usr/include/c++/7/ostream:590:5: note:   ‘std::endl’     endl(basic_ostream<_CharT, _Traits>& __os)     ^~~~" | LOG_DATA: {"userId":577,"data":{"testId":129,"userId":577}} | 
13/10/2021 Wednesday 16:09:28 | INFO | problem-compile.log | return /submit-bank-problem. | DATA: "Command failed: g++ -o /yh39CNFxvp/main /yh39CNFxvp/main.cpp/yh39CNFxvp/main.cpp:4:22: error: ‘string’ has not been declared void makeOb(int idx, string s) {                      ^~~~~~/yh39CNFxvp/main.cpp: In function ‘void makeOb(int, int)’:/yh39CNFxvp/main.cpp:6:2: error: ‘cout’ was not declared in this scope  cout << s + ob[idx] << \";\";  ^~~~/yh39CNFxvp/main.cpp:6:2: note: suggested alternative:In file included from /yh39CNFxvp/main.cpp:1:0:/usr/include/c++/7/iostream:61:18: note:   ‘std::cout’   extern ostream cout;  /// Linked to standard output                  ^~~~/yh39CNFxvp/main.cpp:6:14: error: ‘ob’ was not declared in this scope  cout << s + ob[idx] << \";\";              ^~/yh39CNFxvp/main.cpp: At global scope:/yh39CNFxvp/main.cpp:10:23: error: ‘string’ has not been declared void makeVerb(int idx,string s) {                       ^~~~~~/yh39CNFxvp/main.cpp: In function ‘void makeVerb(int, int)’:/yh39CNFxvp/main.cpp:11:22: error: ‘ob’ was not declared in this scope  for (int i = 0; i < ob.size(); i++) makeOb(i, s + verb[idx]+\" \");                      ^~/yh39CNFxvp/main.cpp:11:52: error: ‘verb’ was not declared in this scope  for (int i = 0; i < ob.size(); i++) makeOb(i, s + verb[idx]+\" \");                                                    ^~~~/yh39CNFxvp/main.cpp: In function ‘void makeSub(int)’:/yh39CNFxvp/main.cpp:16:22: error: ‘verb’ was not declared in this scope  for (int i = 0; i < verb.size(); i++) makeVerb(i, sub[idx]+\" \");                      ^~~~/yh39CNFxvp/main.cpp:16:52: error: ‘sub’ was not declared in this scope  for (int i = 0; i < verb.size(); i++) makeVerb(i, sub[idx]+\" \");                                                    ^~~/yh39CNFxvp/main.cpp: In function ‘void solve()’:/yh39CNFxvp/main.cpp:21:22: error: ‘sub’ was not declared in this scope  for (int i = 0; i < sub.size(); i++) makeSub(i);                      ^~~/yh39CNFxvp/main.cpp: In function ‘int main()’:/yh39CNFxvp/main.cpp:25:2: error: ‘string’ was not declared in this scope  string N, M, L;  ^~~~~~/yh39CNFxvp/main.cpp:25:2: note: suggested alternatives:In file included from /usr/include/c++/7/iosfwd:39:0,                 from /usr/include/c++/7/ios:38,                 from /usr/include/c++/7/ostream:38,                 from /usr/include/c++/7/iostream:39,                 from /yh39CNFxvp/main.cpp:1:/usr/include/c++/7/bits/stringfwd.h:74:33: note:   ‘std::__cxx11::string’   typedef basic_string<char>    string;                                 ^~~~~~/usr/include/c++/7/bits/stringfwd.h:74:33: note:   ‘std::__cxx11::string’/yh39CNFxvp/main.cpp:27:10: error: ‘cin’ was not declared in this scope  getline(cin, M, ';');          ^~~/yh39CNFxvp/main.cpp:27:10: note: suggested alternative:In file included from /yh39CNFxvp/main.cpp:1:0:/usr/include/c++/7/iostream:60:18: note:   ‘std::cin’   extern istream cin;  /// Linked to standard input                  ^~~/yh39CNFxvp/main.cpp:27:15: error: ‘M’ was not declared in this scope  getline(cin, M, ';');               ^/yh39CNFxvp/main.cpp:28:15: error: ‘N’ was not declared in this scope  getline(cin, N, ';');               ^/yh39CNFxvp/main.cpp:29:15: error: ‘L’ was not declared in this scope  getline(cin, L, ';');               ^/yh39CNFxvp/main.cpp:31:6: error: ‘stoi’ was not declared in this scope  n = stoi(N);      ^~~~/yh39CNFxvp/main.cpp:31:6: note: suggested alternatives:In file included from /usr/include/c++/7/string:52:0,                 from /usr/include/c++/7/bits/locale_classes.h:40,                 from /usr/include/c++/7/bits/ios_base.h:41,                 from /usr/include/c++/7/ios:42,                 from /usr/include/c++/7/ostream:38,                 from /usr/include/c++/7/iostream:39,                 from /yh39CNFxvp/main.cpp:1:/usr/include/c++/7/bits/basic_string.h:6477:3: note:   ‘std::__cxx11::stoi’   stoi(const wstring& __str, size_t* __idx = 0, int __base = 10)   ^~~~/usr/include/c++/7/bits/basic_string.h:6477:3: note:   ‘std::__cxx11::stoi’/yh39CNFxvp/main.cpp:36:10: error: expected ‘;’ before ‘s’   string s;          ^/yh39CNFxvp/main.cpp:37:16: error: ‘s’ was not declared in this scope   getline(cin, s, ';');                ^/yh39CNFxvp/main.cpp:38:3: error: ‘sub’ was not declared in this scope   sub.push_back(s);   ^~~/yh39CNFxvp/main.cpp:41:10: error: expected ‘;’ before ‘s’   string s;          ^/yh39CNFxvp/main.cpp:42:16: error: ‘s’ was not declared in this scope   getline(cin, s, ';');                ^/yh39CNFxvp/main.cpp:43:3: error: ‘verb’ was not declared in this scope   verb.push_back(s);   ^~~~/yh39CNFxvp/main.cpp:46:10: error: expected ‘;’ before ‘s’   string s;          ^/yh39CNFxvp/main.cpp:47:16: error: ‘s’ was not declared in this scope   getline(cin, s, ';');                ^/yh39CNFxvp/main.cpp:48:3: error: ‘ob’ was not declared in this scope   ob.push_back(s);   ^~/yh39CNFxvp/main.cpp:52:3: error: ‘cout’ was not declared in this scope   cout << \"No possible sentece.;\" << endl;   ^~~~/yh39CNFxvp/main.cpp:52:3: note: suggested alternative:In file included from /yh39CNFxvp/main.cpp:1:0:/usr/include/c++/7/iostream:61:18: note:   ‘std::cout’   extern ostream cout;  /// Linked to standard output                  ^~~~/yh39CNFxvp/main.cpp:52:38: error: ‘endl’ was not declared in this scope   cout << \"No possible sentece.;\" << endl;                                      ^~~~/yh39CNFxvp/main.cpp:52:38: note: suggested alternative:In file included from /usr/include/c++/7/iostream:39:0,                 from /yh39CNFxvp/main.cpp:1:/usr/include/c++/7/ostream:590:5: note:   ‘std::endl’     endl(basic_ostream<_CharT, _Traits>& __os)     ^~~~" | LOG_DATA: {"userId":577,"data":{"testId":129,"userId":577}} | 
13/10/2021 Wednesday 16:09:28 | INFO | problem-compile.log | return /submit-bank-problem. | DATA: "Command failed: g++ -o /31hS3SexTR/main /31hS3SexTR/main.cpp/31hS3SexTR/main.cpp:4:22: error: ‘string’ has not been declared void makeOb(int idx, string s) {                      ^~~~~~/31hS3SexTR/main.cpp: In function ‘void makeOb(int, int)’:/31hS3SexTR/main.cpp:6:2: error: ‘cout’ was not declared in this scope  cout << s + ob[idx] << \";\";  ^~~~/31hS3SexTR/main.cpp:6:2: note: suggested alternative:In file included from /31hS3SexTR/main.cpp:1:0:/usr/include/c++/7/iostream:61:18: note:   ‘std::cout’   extern ostream cout;  /// Linked to standard output                  ^~~~/31hS3SexTR/main.cpp:6:14: error: ‘ob’ was not declared in this scope  cout << s + ob[idx] << \";\";              ^~/31hS3SexTR/main.cpp: At global scope:/31hS3SexTR/main.cpp:10:23: error: ‘string’ has not been declared void makeVerb(int idx,string s) {                       ^~~~~~/31hS3SexTR/main.cpp: In function ‘void makeVerb(int, int)’:/31hS3SexTR/main.cpp:11:22: error: ‘ob’ was not declared in this scope  for (int i = 0; i < ob.size(); i++) makeOb(i, s + verb[idx]+\" \");                      ^~/31hS3SexTR/main.cpp:11:52: error: ‘verb’ was not declared in this scope  for (int i = 0; i < ob.size(); i++) makeOb(i, s + verb[idx]+\" \");                                                    ^~~~/31hS3SexTR/main.cpp: In function ‘void makeSub(int)’:/31hS3SexTR/main.cpp:16:22: error: ‘verb’ was not declared in this scope  for (int i = 0; i < verb.size(); i++) makeVerb(i, sub[idx]+\" \");                      ^~~~/31hS3SexTR/main.cpp:16:52: error: ‘sub’ was not declared in this scope  for (int i = 0; i < verb.size(); i++) makeVerb(i, sub[idx]+\" \");                                                    ^~~/31hS3SexTR/main.cpp: In function ‘void solve()’:/31hS3SexTR/main.cpp:21:22: error: ‘sub’ was not declared in this scope  for (int i = 0; i < sub.size(); i++) makeSub(i);                      ^~~/31hS3SexTR/main.cpp: In function ‘int main()’:/31hS3SexTR/main.cpp:25:2: error: ‘string’ was not declared in this scope  string N, M, L;  ^~~~~~/31hS3SexTR/main.cpp:25:2: note: suggested alternatives:In file included from /usr/include/c++/7/iosfwd:39:0,                 from /usr/include/c++/7/ios:38,                 from /usr/include/c++/7/ostream:38,                 from /usr/include/c++/7/iostream:39,                 from /31hS3SexTR/main.cpp:1:/usr/include/c++/7/bits/stringfwd.h:74:33: note:   ‘std::__cxx11::string’   typedef basic_string<char>    string;                                 ^~~~~~/usr/include/c++/7/bits/stringfwd.h:74:33: note:   ‘std::__cxx11::string’/31hS3SexTR/main.cpp:27:10: error: ‘cin’ was not declared in this scope  getline(cin, M, ';');          ^~~/31hS3SexTR/main.cpp:27:10: note: suggested alternative:In file included from /31hS3SexTR/main.cpp:1:0:/usr/include/c++/7/iostream:60:18: note:   ‘std::cin’   extern istream cin;  /// Linked to standard input                  ^~~/31hS3SexTR/main.cpp:27:15: error: ‘M’ was not declared in this scope  getline(cin, M, ';');               ^/31hS3SexTR/main.cpp:28:15: error: ‘N’ was not declared in this scope  getline(cin, N, ';');               ^/31hS3SexTR/main.cpp:29:15: error: ‘L’ was not declared in this scope  getline(cin, L, ';');               ^/31hS3SexTR/main.cpp:31:6: error: ‘stoi’ was not declared in this scope  n = stoi(N);      ^~~~/31hS3SexTR/main.cpp:31:6: note: suggested alternatives:In file included from /usr/include/c++/7/string:52:0,                 from /usr/include/c++/7/bits/locale_classes.h:40,                 from /usr/include/c++/7/bits/ios_base.h:41,                 from /usr/include/c++/7/ios:42,                 from /usr/include/c++/7/ostream:38,                 from /usr/include/c++/7/iostream:39,                 from /31hS3SexTR/main.cpp:1:/usr/include/c++/7/bits/basic_string.h:6477:3: note:   ‘std::__cxx11::stoi’   stoi(const wstring& __str, size_t* __idx = 0, int __base = 10)   ^~~~/usr/include/c++/7/bits/basic_string.h:6477:3: note:   ‘std::__cxx11::stoi’/31hS3SexTR/main.cpp:36:10: error: expected ‘;’ before ‘s’   string s;          ^/31hS3SexTR/main.cpp:37:16: error: ‘s’ was not declared in this scope   getline(cin, s, ';');                ^/31hS3SexTR/main.cpp:38:3: error: ‘sub’ was not declared in this scope   sub.push_back(s);   ^~~/31hS3SexTR/main.cpp:41:10: error: expected ‘;’ before ‘s’   string s;          ^/31hS3SexTR/main.cpp:42:16: error: ‘s’ was not declared in this scope   getline(cin, s, ';');                ^/31hS3SexTR/main.cpp:43:3: error: ‘verb’ was not declared in this scope   verb.push_back(s);   ^~~~/31hS3SexTR/main.cpp:46:10: error: expected ‘;’ before ‘s’   string s;          ^/31hS3SexTR/main.cpp:47:16: error: ‘s’ was not declared in this scope   getline(cin, s, ';');                ^/31hS3SexTR/main.cpp:48:3: error: ‘ob’ was not declared in this scope   ob.push_back(s);   ^~/31hS3SexTR/main.cpp:52:3: error: ‘cout’ was not declared in this scope   cout << \"No possible sentece.;\" << endl;   ^~~~/31hS3SexTR/main.cpp:52:3: note: suggested alternative:In file included from /31hS3SexTR/main.cpp:1:0:/usr/include/c++/7/iostream:61:18: note:   ‘std::cout’   extern ostream cout;  /// Linked to standard output                  ^~~~/31hS3SexTR/main.cpp:52:38: error: ‘endl’ was not declared in this scope   cout << \"No possible sentece.;\" << endl;                                      ^~~~/31hS3SexTR/main.cpp:52:38: note: suggested alternative:In file included from /usr/include/c++/7/iostream:39:0,                 from /31hS3SexTR/main.cpp:1:/usr/include/c++/7/ostream:590:5: note:   ‘std::endl’     endl(basic_ostream<_CharT, _Traits>& __os)     ^~~~" | LOG_DATA: {"userId":577,"data":{"testId":129,"userId":577}} | 
13/10/2021 Wednesday 16:09:28 | INFO | problem-compile.log | return /submit-bank-problem. | DATA: "Command failed: g++ -o /Epd5NFMraS/main /Epd5NFMraS/main.cpp/Epd5NFMraS/main.cpp:4:22: error: ‘string’ has not been declared void makeOb(int idx, string s) {                      ^~~~~~/Epd5NFMraS/main.cpp: In function ‘void makeOb(int, int)’:/Epd5NFMraS/main.cpp:6:2: error: ‘cout’ was not declared in this scope  cout << s + ob[idx] << \";\";  ^~~~/Epd5NFMraS/main.cpp:6:2: note: suggested alternative:In file included from /Epd5NFMraS/main.cpp:1:0:/usr/include/c++/7/iostream:61:18: note:   ‘std::cout’   extern ostream cout;  /// Linked to standard output                  ^~~~/Epd5NFMraS/main.cpp:6:14: error: ‘ob’ was not declared in this scope  cout << s + ob[idx] << \";\";              ^~/Epd5NFMraS/main.cpp: At global scope:/Epd5NFMraS/main.cpp:10:23: error: ‘string’ has not been declared void makeVerb(int idx,string s) {                       ^~~~~~/Epd5NFMraS/main.cpp: In function ‘void makeVerb(int, int)’:/Epd5NFMraS/main.cpp:11:22: error: ‘ob’ was not declared in this scope  for (int i = 0; i < ob.size(); i++) makeOb(i, s + verb[idx]+\" \");                      ^~/Epd5NFMraS/main.cpp:11:52: error: ‘verb’ was not declared in this scope  for (int i = 0; i < ob.size(); i++) makeOb(i, s + verb[idx]+\" \");                                                    ^~~~/Epd5NFMraS/main.cpp: In function ‘void makeSub(int)’:/Epd5NFMraS/main.cpp:16:22: error: ‘verb’ was not declared in this scope  for (int i = 0; i < verb.size(); i++) makeVerb(i, sub[idx]+\" \");                      ^~~~/Epd5NFMraS/main.cpp:16:52: error: ‘sub’ was not declared in this scope  for (int i = 0; i < verb.size(); i++) makeVerb(i, sub[idx]+\" \");                                                    ^~~/Epd5NFMraS/main.cpp: In function ‘void solve()’:/Epd5NFMraS/main.cpp:21:22: error: ‘sub’ was not declared in this scope  for (int i = 0; i < sub.size(); i++) makeSub(i);                      ^~~/Epd5NFMraS/main.cpp: In function ‘int main()’:/Epd5NFMraS/main.cpp:25:2: error: ‘string’ was not declared in this scope  string N, M, L;  ^~~~~~/Epd5NFMraS/main.cpp:25:2: note: suggested alternatives:In file included from /usr/include/c++/7/iosfwd:39:0,                 from /usr/include/c++/7/ios:38,                 from /usr/include/c++/7/ostream:38,                 from /usr/include/c++/7/iostream:39,                 from /Epd5NFMraS/main.cpp:1:/usr/include/c++/7/bits/stringfwd.h:74:33: note:   ‘std::__cxx11::string’   typedef basic_string<char>    string;                                 ^~~~~~/usr/include/c++/7/bits/stringfwd.h:74:33: note:   ‘std::__cxx11::string’/Epd5NFMraS/main.cpp:27:10: error: ‘cin’ was not declared in this scope  getline(cin, M, ';');          ^~~/Epd5NFMraS/main.cpp:27:10: note: suggested alternative:In file included from /Epd5NFMraS/main.cpp:1:0:/usr/include/c++/7/iostream:60:18: note:   ‘std::cin’   extern istream cin;  /// Linked to standard input                  ^~~/Epd5NFMraS/main.cpp:27:15: error: ‘M’ was not declared in this scope  getline(cin, M, ';');               ^/Epd5NFMraS/main.cpp:28:15: error: ‘N’ was not declared in this scope  getline(cin, N, ';');               ^/Epd5NFMraS/main.cpp:29:15: error: ‘L’ was not declared in this scope  getline(cin, L, ';');               ^/Epd5NFMraS/main.cpp:31:6: error: ‘stoi’ was not declared in this scope  n = stoi(N);      ^~~~/Epd5NFMraS/main.cpp:31:6: note: suggested alternatives:In file included from /usr/include/c++/7/string:52:0,                 from /usr/include/c++/7/bits/locale_classes.h:40,                 from /usr/include/c++/7/bits/ios_base.h:41,                 from /usr/include/c++/7/ios:42,                 from /usr/include/c++/7/ostream:38,                 from /usr/include/c++/7/iostream:39,                 from /Epd5NFMraS/main.cpp:1:/usr/include/c++/7/bits/basic_string.h:6477:3: note:   ‘std::__cxx11::stoi’   stoi(const wstring& __str, size_t* __idx = 0, int __base = 10)   ^~~~/usr/include/c++/7/bits/basic_string.h:6477:3: note:   ‘std::__cxx11::stoi’/Epd5NFMraS/main.cpp:36:10: error: expected ‘;’ before ‘s’   string s;          ^/Epd5NFMraS/main.cpp:37:16: error: ‘s’ was not declared in this scope   getline(cin, s, ';');                ^/Epd5NFMraS/main.cpp:38:3: error: ‘sub’ was not declared in this scope   sub.push_back(s);   ^~~/Epd5NFMraS/main.cpp:41:10: error: expected ‘;’ before ‘s’   string s;          ^/Epd5NFMraS/main.cpp:42:16: error: ‘s’ was not declared in this scope   getline(cin, s, ';');                ^/Epd5NFMraS/main.cpp:43:3: error: ‘verb’ was not declared in this scope   verb.push_back(s);   ^~~~/Epd5NFMraS/main.cpp:46:10: error: expected ‘;’ before ‘s’   string s;          ^/Epd5NFMraS/main.cpp:47:16: error: ‘s’ was not declared in this scope   getline(cin, s, ';');                ^/Epd5NFMraS/main.cpp:48:3: error: ‘ob’ was not declared in this scope   ob.push_back(s);   ^~/Epd5NFMraS/main.cpp:52:3: error: ‘cout’ was not declared in this scope   cout << \"No possible sentece.;\" << endl;   ^~~~/Epd5NFMraS/main.cpp:52:3: note: suggested alternative:In file included from /Epd5NFMraS/main.cpp:1:0:/usr/include/c++/7/iostream:61:18: note:   ‘std::cout’   extern ostream cout;  /// Linked to standard output                  ^~~~/Epd5NFMraS/main.cpp:52:38: error: ‘endl’ was not declared in this scope   cout << \"No possible sentece.;\" << endl;                                      ^~~~/Epd5NFMraS/main.cpp:52:38: note: suggested alternative:In file included from /usr/include/c++/7/iostream:39:0,                 from /Epd5NFMraS/main.cpp:1:/usr/include/c++/7/ostream:590:5: note:   ‘std::endl’     endl(basic_ostream<_CharT, _Traits>& __os)     ^~~~" | LOG_DATA: {"userId":577,"data":{"testId":129,"userId":577}} | 
13/10/2021 Wednesday 16:09:28 | INFO | problem-compile.log | return /submit-bank-problem. | DATA: "Command failed: g++ -o /NbuIYCROTS/main /NbuIYCROTS/main.cpp/NbuIYCROTS/main.cpp: In function ‘int main()’:/NbuIYCROTS/main.cpp:15:58: error: ‘pow’ was not declared in this scope  for (int i = 2; i <= 20; i++) cache[i] = cache[i - 1] + pow(3, i - 1);                                                          ^~~/NbuIYCROTS/main.cpp:15:58: note: suggested alternative: ‘putw’  for (int i = 2; i <= 20; i++) cache[i] = cache[i - 1] + pow(3, i - 1);                                                          ^~~                                                          putw/NbuIYCROTS/main.cpp:42:2: error: ‘reverse’ was not declared in this scope  reverse(answer.begin(), answer.end());  ^~~~~~~" | LOG_DATA: {"userId":577,"data":{"testId":129,"userId":577}} | 
13/10/2021 Wednesday 16:09:28 | INFO | problem-compile.log | return /submit-bank-problem. | DATA: "Command failed: g++ -o /SkNL2TgL2u/main /SkNL2TgL2u/main.cpp/SkNL2TgL2u/main.cpp: In function ‘int main()’:/SkNL2TgL2u/main.cpp:15:58: error: ‘pow’ was not declared in this scope  for (int i = 2; i <= 20; i++) cache[i] = cache[i - 1] + pow(3, i - 1);                                                          ^~~/SkNL2TgL2u/main.cpp:15:58: note: suggested alternative: ‘putw’  for (int i = 2; i <= 20; i++) cache[i] = cache[i - 1] + pow(3, i - 1);                                                          ^~~                                                          putw/SkNL2TgL2u/main.cpp:42:2: error: ‘reverse’ was not declared in this scope  reverse(answer.begin(), answer.end());  ^~~~~~~" | LOG_DATA: {"userId":577,"data":{"testId":129,"userId":577}} | 
13/10/2021 Wednesday 16:09:42 | INFO | problem-compile.log | request /submit-compile-bank-problem | LOG_DATA: {"userId":577,"data":{"testId":129,"userId":577}} | 
13/10/2021 Wednesday 16:09:43 | INFO | problem-compile.log | return /submit-bank-problem. | DATA: "Command failed: g++ -o /SqNA5Lj3nu/main /SqNA5Lj3nu/main.cpp/SqNA5Lj3nu/main.cpp:4:22: error: ‘string’ has not been declared void makeOb(int idx, string s) {                      ^~~~~~/SqNA5Lj3nu/main.cpp: In function ‘void makeOb(int, int)’:/SqNA5Lj3nu/main.cpp:6:2: error: ‘cout’ was not declared in this scope  cout << s + ob[idx] << \";\";  ^~~~/SqNA5Lj3nu/main.cpp:6:2: note: suggested alternative:In file included from /SqNA5Lj3nu/main.cpp:1:0:/usr/include/c++/7/iostream:61:18: note:   ‘std::cout’   extern ostream cout;  /// Linked to standard output                  ^~~~/SqNA5Lj3nu/main.cpp:6:14: error: ‘ob’ was not declared in this scope  cout << s + ob[idx] << \";\";              ^~/SqNA5Lj3nu/main.cpp: At global scope:/SqNA5Lj3nu/main.cpp:10:23: error: ‘string’ has not been declared void makeVerb(int idx,string s) {                       ^~~~~~/SqNA5Lj3nu/main.cpp: In function ‘void makeVerb(int, int)’:/SqNA5Lj3nu/main.cpp:11:22: error: ‘ob’ was not declared in this scope  for (int i = 0; i < ob.size(); i++) makeOb(i, s + verb[idx]+\" \");                      ^~/SqNA5Lj3nu/main.cpp:11:52: error: ‘verb’ was not declared in this scope  for (int i = 0; i < ob.size(); i++) makeOb(i, s + verb[idx]+\" \");                                                    ^~~~/SqNA5Lj3nu/main.cpp: In function ‘void makeSub(int)’:/SqNA5Lj3nu/main.cpp:16:22: error: ‘verb’ was not declared in this scope  for (int i = 0; i < verb.size(); i++) makeVerb(i, sub[idx]+\" \");                      ^~~~/SqNA5Lj3nu/main.cpp:16:52: error: ‘sub’ was not declared in this scope  for (int i = 0; i < verb.size(); i++) makeVerb(i, sub[idx]+\" \");                                                    ^~~/SqNA5Lj3nu/main.cpp: In function ‘void solve()’:/SqNA5Lj3nu/main.cpp:21:22: error: ‘sub’ was not declared in this scope  for (int i = 0; i < sub.size(); i++) makeSub(i);                      ^~~/SqNA5Lj3nu/main.cpp: In function ‘int main()’:/SqNA5Lj3nu/main.cpp:25:2: error: ‘string’ was not declared in this scope  string N, M, L;  ^~~~~~/SqNA5Lj3nu/main.cpp:25:2: note: suggested alternatives:In file included from /usr/include/c++/7/iosfwd:39:0,                 from /usr/include/c++/7/ios:38,                 from /usr/include/c++/7/ostream:38,                 from /usr/include/c++/7/iostream:39,                 from /SqNA5Lj3nu/main.cpp:1:/usr/include/c++/7/bits/stringfwd.h:74:33: note:   ‘std::__cxx11::string’   typedef basic_string<char>    string;                                 ^~~~~~/usr/include/c++/7/bits/stringfwd.h:74:33: note:   ‘std::__cxx11::string’/SqNA5Lj3nu/main.cpp:27:10: error: ‘cin’ was not declared in this scope  getline(cin, M, ';');          ^~~/SqNA5Lj3nu/main.cpp:27:10: note: suggested alternative:In file included from /SqNA5Lj3nu/main.cpp:1:0:/usr/include/c++/7/iostream:60:18: note:   ‘std::cin’   extern istream cin;  /// Linked to standard input                  ^~~/SqNA5Lj3nu/main.cpp:27:15: error: ‘M’ was not declared in this scope  getline(cin, M, ';');               ^/SqNA5Lj3nu/main.cpp:28:15: error: ‘N’ was not declared in this scope  getline(cin, N, ';');               ^/SqNA5Lj3nu/main.cpp:29:15: error: ‘L’ was not declared in this scope  getline(cin, L, ';');               ^/SqNA5Lj3nu/main.cpp:31:6: error: ‘stoi’ was not declared in this scope  n = stoi(N);      ^~~~/SqNA5Lj3nu/main.cpp:31:6: note: suggested alternatives:In file included from /usr/include/c++/7/string:52:0,                 from /usr/include/c++/7/bits/locale_classes.h:40,                 from /usr/include/c++/7/bits/ios_base.h:41,                 from /usr/include/c++/7/ios:42,                 from /usr/include/c++/7/ostream:38,                 from /usr/include/c++/7/iostream:39,                 from /SqNA5Lj3nu/main.cpp:1:/usr/include/c++/7/bits/basic_string.h:6477:3: note:   ‘std::__cxx11::stoi’   stoi(const wstring& __str, size_t* __idx = 0, int __base = 10)   ^~~~/usr/include/c++/7/bits/basic_string.h:6477:3: note:   ‘std::__cxx11::stoi’/SqNA5Lj3nu/main.cpp:36:10: error: expected ‘;’ before ‘s’   string s;          ^/SqNA5Lj3nu/main.cpp:37:16: error: ‘s’ was not declared in this scope   getline(cin, s, ';');                ^/SqNA5Lj3nu/main.cpp:38:3: error: ‘sub’ was not declared in this scope   sub.push_back(s);   ^~~/SqNA5Lj3nu/main.cpp:41:10: error: expected ‘;’ before ‘s’   string s;          ^/SqNA5Lj3nu/main.cpp:42:16: error: ‘s’ was not declared in this scope   getline(cin, s, ';');                ^/SqNA5Lj3nu/main.cpp:43:3: error: ‘verb’ was not declared in this scope   verb.push_back(s);   ^~~~/SqNA5Lj3nu/main.cpp:46:10: error: expected ‘;’ before ‘s’   string s;          ^/SqNA5Lj3nu/main.cpp:47:16: error: ‘s’ was not declared in this scope   getline(cin, s, ';');                ^/SqNA5Lj3nu/main.cpp:48:3: error: ‘ob’ was not declared in this scope   ob.push_back(s);   ^~/SqNA5Lj3nu/main.cpp:52:3: error: ‘cout’ was not declared in this scope   cout << \"No possible sentece.;\" << endl;   ^~~~/SqNA5Lj3nu/main.cpp:52:3: note: suggested alternative:In file included from /SqNA5Lj3nu/main.cpp:1:0:/usr/include/c++/7/iostream:61:18: note:   ‘std::cout’   extern ostream cout;  /// Linked to standard output                  ^~~~/SqNA5Lj3nu/main.cpp:52:38: error: ‘endl’ was not declared in this scope   cout << \"No possible sentece.;\" << endl;                                      ^~~~/SqNA5Lj3nu/main.cpp:52:38: note: suggested alternative:In file included from /usr/include/c++/7/iostream:39:0,                 from /SqNA5Lj3nu/main.cpp:1:/usr/include/c++/7/ostream:590:5: note:   ‘std::endl’     endl(basic_ostream<_CharT, _Traits>& __os)     ^~~~" | LOG_DATA: {"userId":577,"data":{"testId":129,"userId":577}} | 
13/10/2021 Wednesday 16:09:43 | INFO | problem-compile.log | return /submit-bank-problem. | DATA: "Command failed: g++ -o /DPaiPlNKuv/main /DPaiPlNKuv/main.cpp/DPaiPlNKuv/main.cpp:4:22: error: ‘string’ has not been declared void makeOb(int idx, string s) {                      ^~~~~~/DPaiPlNKuv/main.cpp: In function ‘void makeOb(int, int)’:/DPaiPlNKuv/main.cpp:6:2: error: ‘cout’ was not declared in this scope  cout << s + ob[idx] << \";\";  ^~~~/DPaiPlNKuv/main.cpp:6:2: note: suggested alternative:In file included from /DPaiPlNKuv/main.cpp:1:0:/usr/include/c++/7/iostream:61:18: note:   ‘std::cout’   extern ostream cout;  /// Linked to standard output                  ^~~~/DPaiPlNKuv/main.cpp:6:14: error: ‘ob’ was not declared in this scope  cout << s + ob[idx] << \";\";              ^~/DPaiPlNKuv/main.cpp: At global scope:/DPaiPlNKuv/main.cpp:10:23: error: ‘string’ has not been declared void makeVerb(int idx,string s) {                       ^~~~~~/DPaiPlNKuv/main.cpp: In function ‘void makeVerb(int, int)’:/DPaiPlNKuv/main.cpp:11:22: error: ‘ob’ was not declared in this scope  for (int i = 0; i < ob.size(); i++) makeOb(i, s + verb[idx]+\" \");                      ^~/DPaiPlNKuv/main.cpp:11:52: error: ‘verb’ was not declared in this scope  for (int i = 0; i < ob.size(); i++) makeOb(i, s + verb[idx]+\" \");                                                    ^~~~/DPaiPlNKuv/main.cpp: In function ‘void makeSub(int)’:/DPaiPlNKuv/main.cpp:16:22: error: ‘verb’ was not declared in this scope  for (int i = 0; i < verb.size(); i++) makeVerb(i, sub[idx]+\" \");                      ^~~~/DPaiPlNKuv/main.cpp:16:52: error: ‘sub’ was not declared in this scope  for (int i = 0; i < verb.size(); i++) makeVerb(i, sub[idx]+\" \");                                                    ^~~/DPaiPlNKuv/main.cpp: In function ‘void solve()’:/DPaiPlNKuv/main.cpp:21:22: error: ‘sub’ was not declared in this scope  for (int i = 0; i < sub.size(); i++) makeSub(i);                      ^~~/DPaiPlNKuv/main.cpp: In function ‘int main()’:/DPaiPlNKuv/main.cpp:25:2: error: ‘string’ was not declared in this scope  string N, M, L;  ^~~~~~/DPaiPlNKuv/main.cpp:25:2: note: suggested alternatives:In file included from /usr/include/c++/7/iosfwd:39:0,                 from /usr/include/c++/7/ios:38,                 from /usr/include/c++/7/ostream:38,                 from /usr/include/c++/7/iostream:39,                 from /DPaiPlNKuv/main.cpp:1:/usr/include/c++/7/bits/stringfwd.h:74:33: note:   ‘std::__cxx11::string’   typedef basic_string<char>    string;                                 ^~~~~~/usr/include/c++/7/bits/stringfwd.h:74:33: note:   ‘std::__cxx11::string’/DPaiPlNKuv/main.cpp:27:10: error: ‘cin’ was not declared in this scope  getline(cin, M, ';');          ^~~/DPaiPlNKuv/main.cpp:27:10: note: suggested alternative:In file included from /DPaiPlNKuv/main.cpp:1:0:/usr/include/c++/7/iostream:60:18: note:   ‘std::cin’   extern istream cin;  /// Linked to standard input                  ^~~/DPaiPlNKuv/main.cpp:27:15: error: ‘M’ was not declared in this scope  getline(cin, M, ';');               ^/DPaiPlNKuv/main.cpp:28:15: error: ‘N’ was not declared in this scope  getline(cin, N, ';');               ^/DPaiPlNKuv/main.cpp:29:15: error: ‘L’ was not declared in this scope  getline(cin, L, ';');               ^/DPaiPlNKuv/main.cpp:31:6: error: ‘stoi’ was not declared in this scope  n = stoi(N);      ^~~~/DPaiPlNKuv/main.cpp:31:6: note: suggested alternatives:In file included from /usr/include/c++/7/string:52:0,                 from /usr/include/c++/7/bits/locale_classes.h:40,                 from /usr/include/c++/7/bits/ios_base.h:41,                 from /usr/include/c++/7/ios:42,                 from /usr/include/c++/7/ostream:38,                 from /usr/include/c++/7/iostream:39,                 from /DPaiPlNKuv/main.cpp:1:/usr/include/c++/7/bits/basic_string.h:6477:3: note:   ‘std::__cxx11::stoi’   stoi(const wstring& __str, size_t* __idx = 0, int __base = 10)   ^~~~/usr/include/c++/7/bits/basic_string.h:6477:3: note:   ‘std::__cxx11::stoi’/DPaiPlNKuv/main.cpp:36:10: error: expected ‘;’ before ‘s’   string s;          ^/DPaiPlNKuv/main.cpp:37:16: error: ‘s’ was not declared in this scope   getline(cin, s, ';');                ^/DPaiPlNKuv/main.cpp:38:3: error: ‘sub’ was not declared in this scope   sub.push_back(s);   ^~~/DPaiPlNKuv/main.cpp:41:10: error: expected ‘;’ before ‘s’   string s;          ^/DPaiPlNKuv/main.cpp:42:16: error: ‘s’ was not declared in this scope   getline(cin, s, ';');                ^/DPaiPlNKuv/main.cpp:43:3: error: ‘verb’ was not declared in this scope   verb.push_back(s);   ^~~~/DPaiPlNKuv/main.cpp:46:10: error: expected ‘;’ before ‘s’   string s;          ^/DPaiPlNKuv/main.cpp:47:16: error: ‘s’ was not declared in this scope   getline(cin, s, ';');                ^/DPaiPlNKuv/main.cpp:48:3: error: ‘ob’ was not declared in this scope   ob.push_back(s);   ^~/DPaiPlNKuv/main.cpp:52:3: error: ‘cout’ was not declared in this scope   cout << \"No possible sentece.;\" << endl;   ^~~~/DPaiPlNKuv/main.cpp:52:3: note: suggested alternative:In file included from /DPaiPlNKuv/main.cpp:1:0:/usr/include/c++/7/iostream:61:18: note:   ‘std::cout’   extern ostream cout;  /// Linked to standard output                  ^~~~/DPaiPlNKuv/main.cpp:52:38: error: ‘endl’ was not declared in this scope   cout << \"No possible sentece.;\" << endl;                                      ^~~~/DPaiPlNKuv/main.cpp:52:38: note: suggested alternative:In file included from /usr/include/c++/7/iostream:39:0,                 from /DPaiPlNKuv/main.cpp:1:/usr/include/c++/7/ostream:590:5: note:   ‘std::endl’     endl(basic_ostream<_CharT, _Traits>& __os)     ^~~~" | LOG_DATA: {"userId":577,"data":{"testId":129,"userId":577}} | 
13/10/2021 Wednesday 16:09:43 | INFO | problem-compile.log | return /submit-bank-problem. | DATA: "Command failed: g++ -o /y6Qclof7o5/main /y6Qclof7o5/main.cpp/y6Qclof7o5/main.cpp:4:22: error: ‘string’ has not been declared void makeOb(int idx, string s) {                      ^~~~~~/y6Qclof7o5/main.cpp: In function ‘void makeOb(int, int)’:/y6Qclof7o5/main.cpp:6:2: error: ‘cout’ was not declared in this scope  cout << s + ob[idx] << \";\";  ^~~~/y6Qclof7o5/main.cpp:6:2: note: suggested alternative:In file included from /y6Qclof7o5/main.cpp:1:0:/usr/include/c++/7/iostream:61:18: note:   ‘std::cout’   extern ostream cout;  /// Linked to standard output                  ^~~~/y6Qclof7o5/main.cpp:6:14: error: ‘ob’ was not declared in this scope  cout << s + ob[idx] << \";\";              ^~/y6Qclof7o5/main.cpp: At global scope:/y6Qclof7o5/main.cpp:10:23: error: ‘string’ has not been declared void makeVerb(int idx,string s) {                       ^~~~~~/y6Qclof7o5/main.cpp: In function ‘void makeVerb(int, int)’:/y6Qclof7o5/main.cpp:11:22: error: ‘ob’ was not declared in this scope  for (int i = 0; i < ob.size(); i++) makeOb(i, s + verb[idx]+\" \");                      ^~/y6Qclof7o5/main.cpp:11:52: error: ‘verb’ was not declared in this scope  for (int i = 0; i < ob.size(); i++) makeOb(i, s + verb[idx]+\" \");                                                    ^~~~/y6Qclof7o5/main.cpp: In function ‘void makeSub(int)’:/y6Qclof7o5/main.cpp:16:22: error: ‘verb’ was not declared in this scope  for (int i = 0; i < verb.size(); i++) makeVerb(i, sub[idx]+\" \");                      ^~~~/y6Qclof7o5/main.cpp:16:52: error: ‘sub’ was not declared in this scope  for (int i = 0; i < verb.size(); i++) makeVerb(i, sub[idx]+\" \");                                                    ^~~/y6Qclof7o5/main.cpp: In function ‘void solve()’:/y6Qclof7o5/main.cpp:21:22: error: ‘sub’ was not declared in this scope  for (int i = 0; i < sub.size(); i++) makeSub(i);                      ^~~/y6Qclof7o5/main.cpp: In function ‘int main()’:/y6Qclof7o5/main.cpp:25:2: error: ‘string’ was not declared in this scope  string N, M, L;  ^~~~~~/y6Qclof7o5/main.cpp:25:2: note: suggested alternatives:In file included from /usr/include/c++/7/iosfwd:39:0,                 from /usr/include/c++/7/ios:38,                 from /usr/include/c++/7/ostream:38,                 from /usr/include/c++/7/iostream:39,                 from /y6Qclof7o5/main.cpp:1:/usr/include/c++/7/bits/stringfwd.h:74:33: note:   ‘std::__cxx11::string’   typedef basic_string<char>    string;                                 ^~~~~~/usr/include/c++/7/bits/stringfwd.h:74:33: note:   ‘std::__cxx11::string’/y6Qclof7o5/main.cpp:27:10: error: ‘cin’ was not declared in this scope  getline(cin, M, ';');          ^~~/y6Qclof7o5/main.cpp:27:10: note: suggested alternative:In file included from /y6Qclof7o5/main.cpp:1:0:/usr/include/c++/7/iostream:60:18: note:   ‘std::cin’   extern istream cin;  /// Linked to standard input                  ^~~/y6Qclof7o5/main.cpp:27:15: error: ‘M’ was not declared in this scope  getline(cin, M, ';');               ^/y6Qclof7o5/main.cpp:28:15: error: ‘N’ was not declared in this scope  getline(cin, N, ';');               ^/y6Qclof7o5/main.cpp:29:15: error: ‘L’ was not declared in this scope  getline(cin, L, ';');               ^/y6Qclof7o5/main.cpp:31:6: error: ‘stoi’ was not declared in this scope  n = stoi(N);      ^~~~/y6Qclof7o5/main.cpp:31:6: note: suggested alternatives:In file included from /usr/include/c++/7/string:52:0,                 from /usr/include/c++/7/bits/locale_classes.h:40,                 from /usr/include/c++/7/bits/ios_base.h:41,                 from /usr/include/c++/7/ios:42,                 from /usr/include/c++/7/ostream:38,                 from /usr/include/c++/7/iostream:39,                 from /y6Qclof7o5/main.cpp:1:/usr/include/c++/7/bits/basic_string.h:6477:3: note:   ‘std::__cxx11::stoi’   stoi(const wstring& __str, size_t* __idx = 0, int __base = 10)   ^~~~/usr/include/c++/7/bits/basic_string.h:6477:3: note:   ‘std::__cxx11::stoi’/y6Qclof7o5/main.cpp:36:10: error: expected ‘;’ before ‘s’   string s;          ^/y6Qclof7o5/main.cpp:37:16: error: ‘s’ was not declared in this scope   getline(cin, s, ';');                ^/y6Qclof7o5/main.cpp:38:3: error: ‘sub’ was not declared in this scope   sub.push_back(s);   ^~~/y6Qclof7o5/main.cpp:41:10: error: expected ‘;’ before ‘s’   string s;          ^/y6Qclof7o5/main.cpp:42:16: error: ‘s’ was not declared in this scope   getline(cin, s, ';');                ^/y6Qclof7o5/main.cpp:43:3: error: ‘verb’ was not declared in this scope   verb.push_back(s);   ^~~~/y6Qclof7o5/main.cpp:46:10: error: expected ‘;’ before ‘s’   string s;          ^/y6Qclof7o5/main.cpp:47:16: error: ‘s’ was not declared in this scope   getline(cin, s, ';');                ^/y6Qclof7o5/main.cpp:48:3: error: ‘ob’ was not declared in this scope   ob.push_back(s);   ^~/y6Qclof7o5/main.cpp:52:3: error: ‘cout’ was not declared in this scope   cout << \"No possible sentece.;\" << endl;   ^~~~/y6Qclof7o5/main.cpp:52:3: note: suggested alternative:In file included from /y6Qclof7o5/main.cpp:1:0:/usr/include/c++/7/iostream:61:18: note:   ‘std::cout’   extern ostream cout;  /// Linked to standard output                  ^~~~/y6Qclof7o5/main.cpp:52:38: error: ‘endl’ was not declared in this scope   cout << \"No possible sentece.;\" << endl;                                      ^~~~/y6Qclof7o5/main.cpp:52:38: note: suggested alternative:In file included from /usr/include/c++/7/iostream:39:0,                 from /y6Qclof7o5/main.cpp:1:/usr/include/c++/7/ostream:590:5: note:   ‘std::endl’     endl(basic_ostream<_CharT, _Traits>& __os)     ^~~~" | LOG_DATA: {"userId":577,"data":{"testId":129,"userId":577}} | 
13/10/2021 Wednesday 16:09:43 | INFO | problem-compile.log | return /submit-bank-problem. | DATA: "Command failed: g++ -o /XuMGnknvCU/main /XuMGnknvCU/main.cpp/XuMGnknvCU/main.cpp:4:22: error: ‘string’ has not been declared void makeOb(int idx, string s) {                      ^~~~~~/XuMGnknvCU/main.cpp: In function ‘void makeOb(int, int)’:/XuMGnknvCU/main.cpp:6:2: error: ‘cout’ was not declared in this scope  cout << s + ob[idx] << \";\";  ^~~~/XuMGnknvCU/main.cpp:6:2: note: suggested alternative:In file included from /XuMGnknvCU/main.cpp:1:0:/usr/include/c++/7/iostream:61:18: note:   ‘std::cout’   extern ostream cout;  /// Linked to standard output                  ^~~~/XuMGnknvCU/main.cpp:6:14: error: ‘ob’ was not declared in this scope  cout << s + ob[idx] << \";\";              ^~/XuMGnknvCU/main.cpp: At global scope:/XuMGnknvCU/main.cpp:10:23: error: ‘string’ has not been declared void makeVerb(int idx,string s) {                       ^~~~~~/XuMGnknvCU/main.cpp: In function ‘void makeVerb(int, int)’:/XuMGnknvCU/main.cpp:11:22: error: ‘ob’ was not declared in this scope  for (int i = 0; i < ob.size(); i++) makeOb(i, s + verb[idx]+\" \");                      ^~/XuMGnknvCU/main.cpp:11:52: error: ‘verb’ was not declared in this scope  for (int i = 0; i < ob.size(); i++) makeOb(i, s + verb[idx]+\" \");                                                    ^~~~/XuMGnknvCU/main.cpp: In function ‘void makeSub(int)’:/XuMGnknvCU/main.cpp:16:22: error: ‘verb’ was not declared in this scope  for (int i = 0; i < verb.size(); i++) makeVerb(i, sub[idx]+\" \");                      ^~~~/XuMGnknvCU/main.cpp:16:52: error: ‘sub’ was not declared in this scope  for (int i = 0; i < verb.size(); i++) makeVerb(i, sub[idx]+\" \");                                                    ^~~/XuMGnknvCU/main.cpp: In function ‘void solve()’:/XuMGnknvCU/main.cpp:21:22: error: ‘sub’ was not declared in this scope  for (int i = 0; i < sub.size(); i++) makeSub(i);                      ^~~/XuMGnknvCU/main.cpp: In function ‘int main()’:/XuMGnknvCU/main.cpp:25:2: error: ‘string’ was not declared in this scope  string N, M, L;  ^~~~~~/XuMGnknvCU/main.cpp:25:2: note: suggested alternatives:In file included from /usr/include/c++/7/iosfwd:39:0,                 from /usr/include/c++/7/ios:38,                 from /usr/include/c++/7/ostream:38,                 from /usr/include/c++/7/iostream:39,                 from /XuMGnknvCU/main.cpp:1:/usr/include/c++/7/bits/stringfwd.h:74:33: note:   ‘std::__cxx11::string’   typedef basic_string<char>    string;                                 ^~~~~~/usr/include/c++/7/bits/stringfwd.h:74:33: note:   ‘std::__cxx11::string’/XuMGnknvCU/main.cpp:27:10: error: ‘cin’ was not declared in this scope  getline(cin, M, ';');          ^~~/XuMGnknvCU/main.cpp:27:10: note: suggested alternative:In file included from /XuMGnknvCU/main.cpp:1:0:/usr/include/c++/7/iostream:60:18: note:   ‘std::cin’   extern istream cin;  /// Linked to standard input                  ^~~/XuMGnknvCU/main.cpp:27:15: error: ‘M’ was not declared in this scope  getline(cin, M, ';');               ^/XuMGnknvCU/main.cpp:28:15: error: ‘N’ was not declared in this scope  getline(cin, N, ';');               ^/XuMGnknvCU/main.cpp:29:15: error: ‘L’ was not declared in this scope  getline(cin, L, ';');               ^/XuMGnknvCU/main.cpp:31:6: error: ‘stoi’ was not declared in this scope  n = stoi(N);      ^~~~/XuMGnknvCU/main.cpp:31:6: note: suggested alternatives:In file included from /usr/include/c++/7/string:52:0,                 from /usr/include/c++/7/bits/locale_classes.h:40,                 from /usr/include/c++/7/bits/ios_base.h:41,                 from /usr/include/c++/7/ios:42,                 from /usr/include/c++/7/ostream:38,                 from /usr/include/c++/7/iostream:39,                 from /XuMGnknvCU/main.cpp:1:/usr/include/c++/7/bits/basic_string.h:6477:3: note:   ‘std::__cxx11::stoi’   stoi(const wstring& __str, size_t* __idx = 0, int __base = 10)   ^~~~/usr/include/c++/7/bits/basic_string.h:6477:3: note:   ‘std::__cxx11::stoi’/XuMGnknvCU/main.cpp:36:10: error: expected ‘;’ before ‘s’   string s;          ^/XuMGnknvCU/main.cpp:37:16: error: ‘s’ was not declared in this scope   getline(cin, s, ';');                ^/XuMGnknvCU/main.cpp:38:3: error: ‘sub’ was not declared in this scope   sub.push_back(s);   ^~~/XuMGnknvCU/main.cpp:41:10: error: expected ‘;’ before ‘s’   string s;          ^/XuMGnknvCU/main.cpp:42:16: error: ‘s’ was not declared in this scope   getline(cin, s, ';');                ^/XuMGnknvCU/main.cpp:43:3: error: ‘verb’ was not declared in this scope   verb.push_back(s);   ^~~~/XuMGnknvCU/main.cpp:46:10: error: expected ‘;’ before ‘s’   string s;          ^/XuMGnknvCU/main.cpp:47:16: error: ‘s’ was not declared in this scope   getline(cin, s, ';');                ^/XuMGnknvCU/main.cpp:48:3: error: ‘ob’ was not declared in this scope   ob.push_back(s);   ^~/XuMGnknvCU/main.cpp:52:3: error: ‘cout’ was not declared in this scope   cout << \"No possible sentece.;\" << endl;   ^~~~/XuMGnknvCU/main.cpp:52:3: note: suggested alternative:In file included from /XuMGnknvCU/main.cpp:1:0:/usr/include/c++/7/iostream:61:18: note:   ‘std::cout’   extern ostream cout;  /// Linked to standard output                  ^~~~/XuMGnknvCU/main.cpp:52:38: error: ‘endl’ was not declared in this scope   cout << \"No possible sentece.;\" << endl;                                      ^~~~/XuMGnknvCU/main.cpp:52:38: note: suggested alternative:In file included from /usr/include/c++/7/iostream:39:0,                 from /XuMGnknvCU/main.cpp:1:/usr/include/c++/7/ostream:590:5: note:   ‘std::endl’     endl(basic_ostream<_CharT, _Traits>& __os)     ^~~~" | LOG_DATA: {"userId":577,"data":{"testId":129,"userId":577}} | 
13/10/2021 Wednesday 16:09:43 | INFO | problem-compile.log | return /submit-bank-problem. | DATA: "Command failed: g++ -o /VEegUMYIqV/main /VEegUMYIqV/main.cpp/VEegUMYIqV/main.cpp:4:22: error: ‘string’ has not been declared void makeOb(int idx, string s) {                      ^~~~~~/VEegUMYIqV/main.cpp: In function ‘void makeOb(int, int)’:/VEegUMYIqV/main.cpp:6:2: error: ‘cout’ was not declared in this scope  cout << s + ob[idx] << \";\";  ^~~~/VEegUMYIqV/main.cpp:6:2: note: suggested alternative:In file included from /VEegUMYIqV/main.cpp:1:0:/usr/include/c++/7/iostream:61:18: note:   ‘std::cout’   extern ostream cout;  /// Linked to standard output                  ^~~~/VEegUMYIqV/main.cpp:6:14: error: ‘ob’ was not declared in this scope  cout << s + ob[idx] << \";\";              ^~/VEegUMYIqV/main.cpp: At global scope:/VEegUMYIqV/main.cpp:10:23: error: ‘string’ has not been declared void makeVerb(int idx,string s) {                       ^~~~~~/VEegUMYIqV/main.cpp: In function ‘void makeVerb(int, int)’:/VEegUMYIqV/main.cpp:11:22: error: ‘ob’ was not declared in this scope  for (int i = 0; i < ob.size(); i++) makeOb(i, s + verb[idx]+\" \");                      ^~/VEegUMYIqV/main.cpp:11:52: error: ‘verb’ was not declared in this scope  for (int i = 0; i < ob.size(); i++) makeOb(i, s + verb[idx]+\" \");                                                    ^~~~/VEegUMYIqV/main.cpp: In function ‘void makeSub(int)’:/VEegUMYIqV/main.cpp:16:22: error: ‘verb’ was not declared in this scope  for (int i = 0; i < verb.size(); i++) makeVerb(i, sub[idx]+\" \");                      ^~~~/VEegUMYIqV/main.cpp:16:52: error: ‘sub’ was not declared in this scope  for (int i = 0; i < verb.size(); i++) makeVerb(i, sub[idx]+\" \");                                                    ^~~/VEegUMYIqV/main.cpp: In function ‘void solve()’:/VEegUMYIqV/main.cpp:21:22: error: ‘sub’ was not declared in this scope  for (int i = 0; i < sub.size(); i++) makeSub(i);                      ^~~/VEegUMYIqV/main.cpp: In function ‘int main()’:/VEegUMYIqV/main.cpp:25:2: error: ‘string’ was not declared in this scope  string N, M, L;  ^~~~~~/VEegUMYIqV/main.cpp:25:2: note: suggested alternatives:In file included from /usr/include/c++/7/iosfwd:39:0,                 from /usr/include/c++/7/ios:38,                 from /usr/include/c++/7/ostream:38,                 from /usr/include/c++/7/iostream:39,                 from /VEegUMYIqV/main.cpp:1:/usr/include/c++/7/bits/stringfwd.h:74:33: note:   ‘std::__cxx11::string’   typedef basic_string<char>    string;                                 ^~~~~~/usr/include/c++/7/bits/stringfwd.h:74:33: note:   ‘std::__cxx11::string’/VEegUMYIqV/main.cpp:27:10: error: ‘cin’ was not declared in this scope  getline(cin, M, ';');          ^~~/VEegUMYIqV/main.cpp:27:10: note: suggested alternative:In file included from /VEegUMYIqV/main.cpp:1:0:/usr/include/c++/7/iostream:60:18: note:   ‘std::cin’   extern istream cin;  /// Linked to standard input                  ^~~/VEegUMYIqV/main.cpp:27:15: error: ‘M’ was not declared in this scope  getline(cin, M, ';');               ^/VEegUMYIqV/main.cpp:28:15: error: ‘N’ was not declared in this scope  getline(cin, N, ';');               ^/VEegUMYIqV/main.cpp:29:15: error: ‘L’ was not declared in this scope  getline(cin, L, ';');               ^/VEegUMYIqV/main.cpp:31:6: error: ‘stoi’ was not declared in this scope  n = stoi(N);      ^~~~/VEegUMYIqV/main.cpp:31:6: note: suggested alternatives:In file included from /usr/include/c++/7/string:52:0,                 from /usr/include/c++/7/bits/locale_classes.h:40,                 from /usr/include/c++/7/bits/ios_base.h:41,                 from /usr/include/c++/7/ios:42,                 from /usr/include/c++/7/ostream:38,                 from /usr/include/c++/7/iostream:39,                 from /VEegUMYIqV/main.cpp:1:/usr/include/c++/7/bits/basic_string.h:6477:3: note:   ‘std::__cxx11::stoi’   stoi(const wstring& __str, size_t* __idx = 0, int __base = 10)   ^~~~/usr/include/c++/7/bits/basic_string.h:6477:3: note:   ‘std::__cxx11::stoi’/VEegUMYIqV/main.cpp:36:10: error: expected ‘;’ before ‘s’   string s;          ^/VEegUMYIqV/main.cpp:37:16: error: ‘s’ was not declared in this scope   getline(cin, s, ';');                ^/VEegUMYIqV/main.cpp:38:3: error: ‘sub’ was not declared in this scope   sub.push_back(s);   ^~~/VEegUMYIqV/main.cpp:41:10: error: expected ‘;’ before ‘s’   string s;          ^/VEegUMYIqV/main.cpp:42:16: error: ‘s’ was not declared in this scope   getline(cin, s, ';');                ^/VEegUMYIqV/main.cpp:43:3: error: ‘verb’ was not declared in this scope   verb.push_back(s);   ^~~~/VEegUMYIqV/main.cpp:46:10: error: expected ‘;’ before ‘s’   string s;          ^/VEegUMYIqV/main.cpp:47:16: error: ‘s’ was not declared in this scope   getline(cin, s, ';');                ^/VEegUMYIqV/main.cpp:48:3: error: ‘ob’ was not declared in this scope   ob.push_back(s);   ^~/VEegUMYIqV/main.cpp:52:3: error: ‘cout’ was not declared in this scope   cout << \"No possible sentece.;\" << endl;   ^~~~/VEegUMYIqV/main.cpp:52:3: note: suggested alternative:In file included from /VEegUMYIqV/main.cpp:1:0:/usr/include/c++/7/iostream:61:18: note:   ‘std::cout’   extern ostream cout;  /// Linked to standard output                  ^~~~/VEegUMYIqV/main.cpp:52:38: error: ‘endl’ was not declared in this scope   cout << \"No possible sentece.;\" << endl;                                      ^~~~/VEegUMYIqV/main.cpp:52:38: note: suggested alternative:In file included from /usr/include/c++/7/iostream:39:0,                 from /VEegUMYIqV/main.cpp:1:/usr/include/c++/7/ostream:590:5: note:   ‘std::endl’     endl(basic_ostream<_CharT, _Traits>& __os)     ^~~~" | LOG_DATA: {"userId":577,"data":{"testId":129,"userId":577}} | 
13/10/2021 Wednesday 16:09:43 | INFO | problem-compile.log | return /submit-bank-problem. | DATA: "Command failed: g++ -o /RiIdt5CPe8/main /RiIdt5CPe8/main.cpp/RiIdt5CPe8/main.cpp:4:22: error: ‘string’ has not been declared void makeOb(int idx, string s) {                      ^~~~~~/RiIdt5CPe8/main.cpp: In function ‘void makeOb(int, int)’:/RiIdt5CPe8/main.cpp:6:2: error: ‘cout’ was not declared in this scope  cout << s + ob[idx] << \";\";  ^~~~/RiIdt5CPe8/main.cpp:6:2: note: suggested alternative:In file included from /RiIdt5CPe8/main.cpp:1:0:/usr/include/c++/7/iostream:61:18: note:   ‘std::cout’   extern ostream cout;  /// Linked to standard output                  ^~~~/RiIdt5CPe8/main.cpp:6:14: error: ‘ob’ was not declared in this scope  cout << s + ob[idx] << \";\";              ^~/RiIdt5CPe8/main.cpp: At global scope:/RiIdt5CPe8/main.cpp:10:23: error: ‘string’ has not been declared void makeVerb(int idx,string s) {                       ^~~~~~/RiIdt5CPe8/main.cpp: In function ‘void makeVerb(int, int)’:/RiIdt5CPe8/main.cpp:11:22: error: ‘ob’ was not declared in this scope  for (int i = 0; i < ob.size(); i++) makeOb(i, s + verb[idx]+\" \");                      ^~/RiIdt5CPe8/main.cpp:11:52: error: ‘verb’ was not declared in this scope  for (int i = 0; i < ob.size(); i++) makeOb(i, s + verb[idx]+\" \");                                                    ^~~~/RiIdt5CPe8/main.cpp: In function ‘void makeSub(int)’:/RiIdt5CPe8/main.cpp:16:22: error: ‘verb’ was not declared in this scope  for (int i = 0; i < verb.size(); i++) makeVerb(i, sub[idx]+\" \");                      ^~~~/RiIdt5CPe8/main.cpp:16:52: error: ‘sub’ was not declared in this scope  for (int i = 0; i < verb.size(); i++) makeVerb(i, sub[idx]+\" \");                                                    ^~~/RiIdt5CPe8/main.cpp: In function ‘void solve()’:/RiIdt5CPe8/main.cpp:21:22: error: ‘sub’ was not declared in this scope  for (int i = 0; i < sub.size(); i++) makeSub(i);                      ^~~/RiIdt5CPe8/main.cpp: In function ‘int main()’:/RiIdt5CPe8/main.cpp:25:2: error: ‘string’ was not declared in this scope  string N, M, L;  ^~~~~~/RiIdt5CPe8/main.cpp:25:2: note: suggested alternatives:In file included from /usr/include/c++/7/iosfwd:39:0,                 from /usr/include/c++/7/ios:38,                 from /usr/include/c++/7/ostream:38,                 from /usr/include/c++/7/iostream:39,                 from /RiIdt5CPe8/main.cpp:1:/usr/include/c++/7/bits/stringfwd.h:74:33: note:   ‘std::__cxx11::string’   typedef basic_string<char>    string;                                 ^~~~~~/usr/include/c++/7/bits/stringfwd.h:74:33: note:   ‘std::__cxx11::string’/RiIdt5CPe8/main.cpp:27:10: error: ‘cin’ was not declared in this scope  getline(cin, M, ';');          ^~~/RiIdt5CPe8/main.cpp:27:10: note: suggested alternative:In file included from /RiIdt5CPe8/main.cpp:1:0:/usr/include/c++/7/iostream:60:18: note:   ‘std::cin’   extern istream cin;  /// Linked to standard input                  ^~~/RiIdt5CPe8/main.cpp:27:15: error: ‘M’ was not declared in this scope  getline(cin, M, ';');               ^/RiIdt5CPe8/main.cpp:28:15: error: ‘N’ was not declared in this scope  getline(cin, N, ';');               ^/RiIdt5CPe8/main.cpp:29:15: error: ‘L’ was not declared in this scope  getline(cin, L, ';');               ^/RiIdt5CPe8/main.cpp:31:6: error: ‘stoi’ was not declared in this scope  n = stoi(N);      ^~~~/RiIdt5CPe8/main.cpp:31:6: note: suggested alternatives:In file included from /usr/include/c++/7/string:52:0,                 from /usr/include/c++/7/bits/locale_classes.h:40,                 from /usr/include/c++/7/bits/ios_base.h:41,                 from /usr/include/c++/7/ios:42,                 from /usr/include/c++/7/ostream:38,                 from /usr/include/c++/7/iostream:39,                 from /RiIdt5CPe8/main.cpp:1:/usr/include/c++/7/bits/basic_string.h:6477:3: note:   ‘std::__cxx11::stoi’   stoi(const wstring& __str, size_t* __idx = 0, int __base = 10)   ^~~~/usr/include/c++/7/bits/basic_string.h:6477:3: note:   ‘std::__cxx11::stoi’/RiIdt5CPe8/main.cpp:36:10: error: expected ‘;’ before ‘s’   string s;          ^/RiIdt5CPe8/main.cpp:37:16: error: ‘s’ was not declared in this scope   getline(cin, s, ';');                ^/RiIdt5CPe8/main.cpp:38:3: error: ‘sub’ was not declared in this scope   sub.push_back(s);   ^~~/RiIdt5CPe8/main.cpp:41:10: error: expected ‘;’ before ‘s’   string s;          ^/RiIdt5CPe8/main.cpp:42:16: error: ‘s’ was not declared in this scope   getline(cin, s, ';');                ^/RiIdt5CPe8/main.cpp:43:3: error: ‘verb’ was not declared in this scope   verb.push_back(s);   ^~~~/RiIdt5CPe8/main.cpp:46:10: error: expected ‘;’ before ‘s’   string s;          ^/RiIdt5CPe8/main.cpp:47:16: error: ‘s’ was not declared in this scope   getline(cin, s, ';');                ^/RiIdt5CPe8/main.cpp:48:3: error: ‘ob’ was not declared in this scope   ob.push_back(s);   ^~/RiIdt5CPe8/main.cpp:52:3: error: ‘cout’ was not declared in this scope   cout << \"No possible sentece.;\" << endl;   ^~~~/RiIdt5CPe8/main.cpp:52:3: note: suggested alternative:In file included from /RiIdt5CPe8/main.cpp:1:0:/usr/include/c++/7/iostream:61:18: note:   ‘std::cout’   extern ostream cout;  /// Linked to standard output                  ^~~~/RiIdt5CPe8/main.cpp:52:38: error: ‘endl’ was not declared in this scope   cout << \"No possible sentece.;\" << endl;                                      ^~~~/RiIdt5CPe8/main.cpp:52:38: note: suggested alternative:In file included from /usr/include/c++/7/iostream:39:0,                 from /RiIdt5CPe8/main.cpp:1:/usr/include/c++/7/ostream:590:5: note:   ‘std::endl’     endl(basic_ostream<_CharT, _Traits>& __os)     ^~~~" | LOG_DATA: {"userId":577,"data":{"testId":129,"userId":577}} | 
13/10/2021 Wednesday 16:09:43 | INFO | problem-compile.log | return /submit-bank-problem. | DATA: "Command failed: g++ -o /YYCh02jScz/main /YYCh02jScz/main.cpp/YYCh02jScz/main.cpp:4:22: error: ‘string’ has not been declared void makeOb(int idx, string s) {                      ^~~~~~/YYCh02jScz/main.cpp: In function ‘void makeOb(int, int)’:/YYCh02jScz/main.cpp:6:2: error: ‘cout’ was not declared in this scope  cout << s + ob[idx] << \";\";  ^~~~/YYCh02jScz/main.cpp:6:2: note: suggested alternative:In file included from /YYCh02jScz/main.cpp:1:0:/usr/include/c++/7/iostream:61:18: note:   ‘std::cout’   extern ostream cout;  /// Linked to standard output                  ^~~~/YYCh02jScz/main.cpp:6:14: error: ‘ob’ was not declared in this scope  cout << s + ob[idx] << \";\";              ^~/YYCh02jScz/main.cpp: At global scope:/YYCh02jScz/main.cpp:10:23: error: ‘string’ has not been declared void makeVerb(int idx,string s) {                       ^~~~~~/YYCh02jScz/main.cpp: In function ‘void makeVerb(int, int)’:/YYCh02jScz/main.cpp:11:22: error: ‘ob’ was not declared in this scope  for (int i = 0; i < ob.size(); i++) makeOb(i, s + verb[idx]+\" \");                      ^~/YYCh02jScz/main.cpp:11:52: error: ‘verb’ was not declared in this scope  for (int i = 0; i < ob.size(); i++) makeOb(i, s + verb[idx]+\" \");                                                    ^~~~/YYCh02jScz/main.cpp: In function ‘void makeSub(int)’:/YYCh02jScz/main.cpp:16:22: error: ‘verb’ was not declared in this scope  for (int i = 0; i < verb.size(); i++) makeVerb(i, sub[idx]+\" \");                      ^~~~/YYCh02jScz/main.cpp:16:52: error: ‘sub’ was not declared in this scope  for (int i = 0; i < verb.size(); i++) makeVerb(i, sub[idx]+\" \");                                                    ^~~/YYCh02jScz/main.cpp: In function ‘void solve()’:/YYCh02jScz/main.cpp:21:22: error: ‘sub’ was not declared in this scope  for (int i = 0; i < sub.size(); i++) makeSub(i);                      ^~~/YYCh02jScz/main.cpp: In function ‘int main()’:/YYCh02jScz/main.cpp:25:2: error: ‘string’ was not declared in this scope  string N, M, L;  ^~~~~~/YYCh02jScz/main.cpp:25:2: note: suggested alternatives:In file included from /usr/include/c++/7/iosfwd:39:0,                 from /usr/include/c++/7/ios:38,                 from /usr/include/c++/7/ostream:38,                 from /usr/include/c++/7/iostream:39,                 from /YYCh02jScz/main.cpp:1:/usr/include/c++/7/bits/stringfwd.h:74:33: note:   ‘std::__cxx11::string’   typedef basic_string<char>    string;                                 ^~~~~~/usr/include/c++/7/bits/stringfwd.h:74:33: note:   ‘std::__cxx11::string’/YYCh02jScz/main.cpp:27:10: error: ‘cin’ was not declared in this scope  getline(cin, M, ';');          ^~~/YYCh02jScz/main.cpp:27:10: note: suggested alternative:In file included from /YYCh02jScz/main.cpp:1:0:/usr/include/c++/7/iostream:60:18: note:   ‘std::cin’   extern istream cin;  /// Linked to standard input                  ^~~/YYCh02jScz/main.cpp:27:15: error: ‘M’ was not declared in this scope  getline(cin, M, ';');               ^/YYCh02jScz/main.cpp:28:15: error: ‘N’ was not declared in this scope  getline(cin, N, ';');               ^/YYCh02jScz/main.cpp:29:15: error: ‘L’ was not declared in this scope  getline(cin, L, ';');               ^/YYCh02jScz/main.cpp:31:6: error: ‘stoi’ was not declared in this scope  n = stoi(N);      ^~~~/YYCh02jScz/main.cpp:31:6: note: suggested alternatives:In file included from /usr/include/c++/7/string:52:0,                 from /usr/include/c++/7/bits/locale_classes.h:40,                 from /usr/include/c++/7/bits/ios_base.h:41,                 from /usr/include/c++/7/ios:42,                 from /usr/include/c++/7/ostream:38,                 from /usr/include/c++/7/iostream:39,                 from /YYCh02jScz/main.cpp:1:/usr/include/c++/7/bits/basic_string.h:6477:3: note:   ‘std::__cxx11::stoi’   stoi(const wstring& __str, size_t* __idx = 0, int __base = 10)   ^~~~/usr/include/c++/7/bits/basic_string.h:6477:3: note:   ‘std::__cxx11::stoi’/YYCh02jScz/main.cpp:36:10: error: expected ‘;’ before ‘s’   string s;          ^/YYCh02jScz/main.cpp:37:16: error: ‘s’ was not declared in this scope   getline(cin, s, ';');                ^/YYCh02jScz/main.cpp:38:3: error: ‘sub’ was not declared in this scope   sub.push_back(s);   ^~~/YYCh02jScz/main.cpp:41:10: error: expected ‘;’ before ‘s’   string s;          ^/YYCh02jScz/main.cpp:42:16: error: ‘s’ was not declared in this scope   getline(cin, s, ';');                ^/YYCh02jScz/main.cpp:43:3: error: ‘verb’ was not declared in this scope   verb.push_back(s);   ^~~~/YYCh02jScz/main.cpp:46:10: error: expected ‘;’ before ‘s’   string s;          ^/YYCh02jScz/main.cpp:47:16: error: ‘s’ was not declared in this scope   getline(cin, s, ';');                ^/YYCh02jScz/main.cpp:48:3: error: ‘ob’ was not declared in this scope   ob.push_back(s);   ^~/YYCh02jScz/main.cpp:52:3: error: ‘cout’ was not declared in this scope   cout << \"No possible sentece.;\" << endl;   ^~~~/YYCh02jScz/main.cpp:52:3: note: suggested alternative:In file included from /YYCh02jScz/main.cpp:1:0:/usr/include/c++/7/iostream:61:18: note:   ‘std::cout’   extern ostream cout;  /// Linked to standard output                  ^~~~/YYCh02jScz/main.cpp:52:38: error: ‘endl’ was not declared in this scope   cout << \"No possible sentece.;\" << endl;                                      ^~~~/YYCh02jScz/main.cpp:52:38: note: suggested alternative:In file included from /usr/include/c++/7/iostream:39:0,                 from /YYCh02jScz/main.cpp:1:/usr/include/c++/7/ostream:590:5: note:   ‘std::endl’     endl(basic_ostream<_CharT, _Traits>& __os)     ^~~~" | LOG_DATA: {"userId":577,"data":{"testId":129,"userId":577}} | 
13/10/2021 Wednesday 16:09:43 | INFO | problem-compile.log | return /submit-bank-problem. | DATA: "Command failed: g++ -o /sGznbuSNiF/main /sGznbuSNiF/main.cpp/sGznbuSNiF/main.cpp:4:22: error: ‘string’ has not been declared void makeOb(int idx, string s) {                      ^~~~~~/sGznbuSNiF/main.cpp: In function ‘void makeOb(int, int)’:/sGznbuSNiF/main.cpp:6:2: error: ‘cout’ was not declared in this scope  cout << s + ob[idx] << \";\";  ^~~~/sGznbuSNiF/main.cpp:6:2: note: suggested alternative:In file included from /sGznbuSNiF/main.cpp:1:0:/usr/include/c++/7/iostream:61:18: note:   ‘std::cout’   extern ostream cout;  /// Linked to standard output                  ^~~~/sGznbuSNiF/main.cpp:6:14: error: ‘ob’ was not declared in this scope  cout << s + ob[idx] << \";\";              ^~/sGznbuSNiF/main.cpp: At global scope:/sGznbuSNiF/main.cpp:10:23: error: ‘string’ has not been declared void makeVerb(int idx,string s) {                       ^~~~~~/sGznbuSNiF/main.cpp: In function ‘void makeVerb(int, int)’:/sGznbuSNiF/main.cpp:11:22: error: ‘ob’ was not declared in this scope  for (int i = 0; i < ob.size(); i++) makeOb(i, s + verb[idx]+\" \");                      ^~/sGznbuSNiF/main.cpp:11:52: error: ‘verb’ was not declared in this scope  for (int i = 0; i < ob.size(); i++) makeOb(i, s + verb[idx]+\" \");                                                    ^~~~/sGznbuSNiF/main.cpp: In function ‘void makeSub(int)’:/sGznbuSNiF/main.cpp:16:22: error: ‘verb’ was not declared in this scope  for (int i = 0; i < verb.size(); i++) makeVerb(i, sub[idx]+\" \");                      ^~~~/sGznbuSNiF/main.cpp:16:52: error: ‘sub’ was not declared in this scope  for (int i = 0; i < verb.size(); i++) makeVerb(i, sub[idx]+\" \");                                                    ^~~/sGznbuSNiF/main.cpp: In function ‘void solve()’:/sGznbuSNiF/main.cpp:21:22: error: ‘sub’ was not declared in this scope  for (int i = 0; i < sub.size(); i++) makeSub(i);                      ^~~/sGznbuSNiF/main.cpp: In function ‘int main()’:/sGznbuSNiF/main.cpp:25:2: error: ‘string’ was not declared in this scope  string N, M, L;  ^~~~~~/sGznbuSNiF/main.cpp:25:2: note: suggested alternatives:In file included from /usr/include/c++/7/iosfwd:39:0,                 from /usr/include/c++/7/ios:38,                 from /usr/include/c++/7/ostream:38,                 from /usr/include/c++/7/iostream:39,                 from /sGznbuSNiF/main.cpp:1:/usr/include/c++/7/bits/stringfwd.h:74:33: note:   ‘std::__cxx11::string’   typedef basic_string<char>    string;                                 ^~~~~~/usr/include/c++/7/bits/stringfwd.h:74:33: note:   ‘std::__cxx11::string’/sGznbuSNiF/main.cpp:27:10: error: ‘cin’ was not declared in this scope  getline(cin, M, ';');          ^~~/sGznbuSNiF/main.cpp:27:10: note: suggested alternative:In file included from /sGznbuSNiF/main.cpp:1:0:/usr/include/c++/7/iostream:60:18: note:   ‘std::cin’   extern istream cin;  /// Linked to standard input                  ^~~/sGznbuSNiF/main.cpp:27:15: error: ‘M’ was not declared in this scope  getline(cin, M, ';');               ^/sGznbuSNiF/main.cpp:28:15: error: ‘N’ was not declared in this scope  getline(cin, N, ';');               ^/sGznbuSNiF/main.cpp:29:15: error: ‘L’ was not declared in this scope  getline(cin, L, ';');               ^/sGznbuSNiF/main.cpp:31:6: error: ‘stoi’ was not declared in this scope  n = stoi(N);      ^~~~/sGznbuSNiF/main.cpp:31:6: note: suggested alternatives:In file included from /usr/include/c++/7/string:52:0,                 from /usr/include/c++/7/bits/locale_classes.h:40,                 from /usr/include/c++/7/bits/ios_base.h:41,                 from /usr/include/c++/7/ios:42,                 from /usr/include/c++/7/ostream:38,                 from /usr/include/c++/7/iostream:39,                 from /sGznbuSNiF/main.cpp:1:/usr/include/c++/7/bits/basic_string.h:6477:3: note:   ‘std::__cxx11::stoi’   stoi(const wstring& __str, size_t* __idx = 0, int __base = 10)   ^~~~/usr/include/c++/7/bits/basic_string.h:6477:3: note:   ‘std::__cxx11::stoi’/sGznbuSNiF/main.cpp:36:10: error: expected ‘;’ before ‘s’   string s;          ^/sGznbuSNiF/main.cpp:37:16: error: ‘s’ was not declared in this scope   getline(cin, s, ';');                ^/sGznbuSNiF/main.cpp:38:3: error: ‘sub’ was not declared in this scope   sub.push_back(s);   ^~~/sGznbuSNiF/main.cpp:41:10: error: expected ‘;’ before ‘s’   string s;          ^/sGznbuSNiF/main.cpp:42:16: error: ‘s’ was not declared in this scope   getline(cin, s, ';');                ^/sGznbuSNiF/main.cpp:43:3: error: ‘verb’ was not declared in this scope   verb.push_back(s);   ^~~~/sGznbuSNiF/main.cpp:46:10: error: expected ‘;’ before ‘s’   string s;          ^/sGznbuSNiF/main.cpp:47:16: error: ‘s’ was not declared in this scope   getline(cin, s, ';');                ^/sGznbuSNiF/main.cpp:48:3: error: ‘ob’ was not declared in this scope   ob.push_back(s);   ^~/sGznbuSNiF/main.cpp:52:3: error: ‘cout’ was not declared in this scope   cout << \"No possible sentece.;\" << endl;   ^~~~/sGznbuSNiF/main.cpp:52:3: note: suggested alternative:In file included from /sGznbuSNiF/main.cpp:1:0:/usr/include/c++/7/iostream:61:18: note:   ‘std::cout’   extern ostream cout;  /// Linked to standard output                  ^~~~/sGznbuSNiF/main.cpp:52:38: error: ‘endl’ was not declared in this scope   cout << \"No possible sentece.;\" << endl;                                      ^~~~/sGznbuSNiF/main.cpp:52:38: note: suggested alternative:In file included from /usr/include/c++/7/iostream:39:0,                 from /sGznbuSNiF/main.cpp:1:/usr/include/c++/7/ostream:590:5: note:   ‘std::endl’     endl(basic_ostream<_CharT, _Traits>& __os)     ^~~~" | LOG_DATA: {"userId":577,"data":{"testId":129,"userId":577}} | 
13/10/2021 Wednesday 16:09:43 | INFO | problem-compile.log | return /submit-bank-problem. | DATA: "Command failed: g++ -o /nP1mViR2Ed/main /nP1mViR2Ed/main.cpp/nP1mViR2Ed/main.cpp: In function ‘int main()’:/nP1mViR2Ed/main.cpp:15:58: error: ‘pow’ was not declared in this scope  for (int i = 2; i <= 20; i++) cache[i] = cache[i - 1] + pow(3, i - 1);                                                          ^~~/nP1mViR2Ed/main.cpp:15:58: note: suggested alternative: ‘putw’  for (int i = 2; i <= 20; i++) cache[i] = cache[i - 1] + pow(3, i - 1);                                                          ^~~                                                          putw/nP1mViR2Ed/main.cpp:42:2: error: ‘reverse’ was not declared in this scope  reverse(answer.begin(), answer.end());  ^~~~~~~" | LOG_DATA: {"userId":577,"data":{"testId":129,"userId":577}} | 
13/10/2021 Wednesday 16:09:43 | INFO | problem-compile.log | return /submit-bank-problem. | DATA: "Command failed: g++ -o /2IffGfDCB1/main /2IffGfDCB1/main.cpp/2IffGfDCB1/main.cpp: In function ‘int main()’:/2IffGfDCB1/main.cpp:15:58: error: ‘pow’ was not declared in this scope  for (int i = 2; i <= 20; i++) cache[i] = cache[i - 1] + pow(3, i - 1);                                                          ^~~/2IffGfDCB1/main.cpp:15:58: note: suggested alternative: ‘putw’  for (int i = 2; i <= 20; i++) cache[i] = cache[i - 1] + pow(3, i - 1);                                                          ^~~                                                          putw/2IffGfDCB1/main.cpp:42:2: error: ‘reverse’ was not declared in this scope  reverse(answer.begin(), answer.end());  ^~~~~~~" | LOG_DATA: {"userId":577,"data":{"testId":129,"userId":577}} | 
13/10/2021 Wednesday 16:09:43 | INFO | problem-compile.log | return /submit-bank-problem. | DATA: "Command failed: g++ -o /0OcSuysueU/main /0OcSuysueU/main.cpp/0OcSuysueU/main.cpp:4:22: error: ‘string’ has not been declared void makeOb(int idx, string s) {                      ^~~~~~/0OcSuysueU/main.cpp: In function ‘void makeOb(int, int)’:/0OcSuysueU/main.cpp:6:2: error: ‘cout’ was not declared in this scope  cout << s + ob[idx] << \";\";  ^~~~/0OcSuysueU/main.cpp:6:2: note: suggested alternative:In file included from /0OcSuysueU/main.cpp:1:0:/usr/include/c++/7/iostream:61:18: note:   ‘std::cout’   extern ostream cout;  /// Linked to standard output                  ^~~~/0OcSuysueU/main.cpp:6:14: error: ‘ob’ was not declared in this scope  cout << s + ob[idx] << \";\";              ^~/0OcSuysueU/main.cpp: At global scope:/0OcSuysueU/main.cpp:10:23: error: ‘string’ has not been declared void makeVerb(int idx,string s) {                       ^~~~~~/0OcSuysueU/main.cpp: In function ‘void makeVerb(int, int)’:/0OcSuysueU/main.cpp:11:22: error: ‘ob’ was not declared in this scope  for (int i = 0; i < ob.size(); i++) makeOb(i, s + verb[idx]+\" \");                      ^~/0OcSuysueU/main.cpp:11:52: error: ‘verb’ was not declared in this scope  for (int i = 0; i < ob.size(); i++) makeOb(i, s + verb[idx]+\" \");                                                    ^~~~/0OcSuysueU/main.cpp: In function ‘void makeSub(int)’:/0OcSuysueU/main.cpp:16:22: error: ‘verb’ was not declared in this scope  for (int i = 0; i < verb.size(); i++) makeVerb(i, sub[idx]+\" \");                      ^~~~/0OcSuysueU/main.cpp:16:52: error: ‘sub’ was not declared in this scope  for (int i = 0; i < verb.size(); i++) makeVerb(i, sub[idx]+\" \");                                                    ^~~/0OcSuysueU/main.cpp: In function ‘void solve()’:/0OcSuysueU/main.cpp:21:22: error: ‘sub’ was not declared in this scope  for (int i = 0; i < sub.size(); i++) makeSub(i);                      ^~~/0OcSuysueU/main.cpp: In function ‘int main()’:/0OcSuysueU/main.cpp:25:2: error: ‘string’ was not declared in this scope  string N, M, L;  ^~~~~~/0OcSuysueU/main.cpp:25:2: note: suggested alternatives:In file included from /usr/include/c++/7/iosfwd:39:0,                 from /usr/include/c++/7/ios:38,                 from /usr/include/c++/7/ostream:38,                 from /usr/include/c++/7/iostream:39,                 from /0OcSuysueU/main.cpp:1:/usr/include/c++/7/bits/stringfwd.h:74:33: note:   ‘std::__cxx11::string’   typedef basic_string<char>    string;                                 ^~~~~~/usr/include/c++/7/bits/stringfwd.h:74:33: note:   ‘std::__cxx11::string’/0OcSuysueU/main.cpp:27:10: error: ‘cin’ was not declared in this scope  getline(cin, M, ';');          ^~~/0OcSuysueU/main.cpp:27:10: note: suggested alternative:In file included from /0OcSuysueU/main.cpp:1:0:/usr/include/c++/7/iostream:60:18: note:   ‘std::cin’   extern istream cin;  /// Linked to standard input                  ^~~/0OcSuysueU/main.cpp:27:15: error: ‘M’ was not declared in this scope  getline(cin, M, ';');               ^/0OcSuysueU/main.cpp:28:15: error: ‘N’ was not declared in this scope  getline(cin, N, ';');               ^/0OcSuysueU/main.cpp:29:15: error: ‘L’ was not declared in this scope  getline(cin, L, ';');               ^/0OcSuysueU/main.cpp:31:6: error: ‘stoi’ was not declared in this scope  n = stoi(N);      ^~~~/0OcSuysueU/main.cpp:31:6: note: suggested alternatives:In file included from /usr/include/c++/7/string:52:0,                 from /usr/include/c++/7/bits/locale_classes.h:40,                 from /usr/include/c++/7/bits/ios_base.h:41,                 from /usr/include/c++/7/ios:42,                 from /usr/include/c++/7/ostream:38,                 from /usr/include/c++/7/iostream:39,                 from /0OcSuysueU/main.cpp:1:/usr/include/c++/7/bits/basic_string.h:6477:3: note:   ‘std::__cxx11::stoi’   stoi(const wstring& __str, size_t* __idx = 0, int __base = 10)   ^~~~/usr/include/c++/7/bits/basic_string.h:6477:3: note:   ‘std::__cxx11::stoi’/0OcSuysueU/main.cpp:36:10: error: expected ‘;’ before ‘s’   string s;          ^/0OcSuysueU/main.cpp:37:16: error: ‘s’ was not declared in this scope   getline(cin, s, ';');                ^/0OcSuysueU/main.cpp:38:3: error: ‘sub’ was not declared in this scope   sub.push_back(s);   ^~~/0OcSuysueU/main.cpp:41:10: error: expected ‘;’ before ‘s’   string s;          ^/0OcSuysueU/main.cpp:42:16: error: ‘s’ was not declared in this scope   getline(cin, s, ';');                ^/0OcSuysueU/main.cpp:43:3: error: ‘verb’ was not declared in this scope   verb.push_back(s);   ^~~~/0OcSuysueU/main.cpp:46:10: error: expected ‘;’ before ‘s’   string s;          ^/0OcSuysueU/main.cpp:47:16: error: ‘s’ was not declared in this scope   getline(cin, s, ';');                ^/0OcSuysueU/main.cpp:48:3: error: ‘ob’ was not declared in this scope   ob.push_back(s);   ^~/0OcSuysueU/main.cpp:52:3: error: ‘cout’ was not declared in this scope   cout << \"No possible sentece.;\" << endl;   ^~~~/0OcSuysueU/main.cpp:52:3: note: suggested alternative:In file included from /0OcSuysueU/main.cpp:1:0:/usr/include/c++/7/iostream:61:18: note:   ‘std::cout’   extern ostream cout;  /// Linked to standard output                  ^~~~/0OcSuysueU/main.cpp:52:38: error: ‘endl’ was not declared in this scope   cout << \"No possible sentece.;\" << endl;                                      ^~~~/0OcSuysueU/main.cpp:52:38: note: suggested alternative:In file included from /usr/include/c++/7/iostream:39:0,                 from /0OcSuysueU/main.cpp:1:/usr/include/c++/7/ostream:590:5: note:   ‘std::endl’     endl(basic_ostream<_CharT, _Traits>& __os)     ^~~~" | LOG_DATA: {"userId":577,"data":{"testId":129,"userId":577}} | 
13/10/2021 Wednesday 16:09:43 | INFO | problem-compile.log | return /submit-bank-problem. | DATA: "Command failed: g++ -o /6pNuDHJKrj/main /6pNuDHJKrj/main.cpp/6pNuDHJKrj/main.cpp:4:22: error: ‘string’ has not been declared void makeOb(int idx, string s) {                      ^~~~~~/6pNuDHJKrj/main.cpp: In function ‘void makeOb(int, int)’:/6pNuDHJKrj/main.cpp:6:2: error: ‘cout’ was not declared in this scope  cout << s + ob[idx] << \";\";  ^~~~/6pNuDHJKrj/main.cpp:6:2: note: suggested alternative:In file included from /6pNuDHJKrj/main.cpp:1:0:/usr/include/c++/7/iostream:61:18: note:   ‘std::cout’   extern ostream cout;  /// Linked to standard output                  ^~~~/6pNuDHJKrj/main.cpp:6:14: error: ‘ob’ was not declared in this scope  cout << s + ob[idx] << \";\";              ^~/6pNuDHJKrj/main.cpp: At global scope:/6pNuDHJKrj/main.cpp:10:23: error: ‘string’ has not been declared void makeVerb(int idx,string s) {                       ^~~~~~/6pNuDHJKrj/main.cpp: In function ‘void makeVerb(int, int)’:/6pNuDHJKrj/main.cpp:11:22: error: ‘ob’ was not declared in this scope  for (int i = 0; i < ob.size(); i++) makeOb(i, s + verb[idx]+\" \");                      ^~/6pNuDHJKrj/main.cpp:11:52: error: ‘verb’ was not declared in this scope  for (int i = 0; i < ob.size(); i++) makeOb(i, s + verb[idx]+\" \");                                                    ^~~~/6pNuDHJKrj/main.cpp: In function ‘void makeSub(int)’:/6pNuDHJKrj/main.cpp:16:22: error: ‘verb’ was not declared in this scope  for (int i = 0; i < verb.size(); i++) makeVerb(i, sub[idx]+\" \");                      ^~~~/6pNuDHJKrj/main.cpp:16:52: error: ‘sub’ was not declared in this scope  for (int i = 0; i < verb.size(); i++) makeVerb(i, sub[idx]+\" \");                                                    ^~~/6pNuDHJKrj/main.cpp: In function ‘void solve()’:/6pNuDHJKrj/main.cpp:21:22: error: ‘sub’ was not declared in this scope  for (int i = 0; i < sub.size(); i++) makeSub(i);                      ^~~/6pNuDHJKrj/main.cpp: In function ‘int main()’:/6pNuDHJKrj/main.cpp:25:2: error: ‘string’ was not declared in this scope  string N, M, L;  ^~~~~~/6pNuDHJKrj/main.cpp:25:2: note: suggested alternatives:In file included from /usr/include/c++/7/iosfwd:39:0,                 from /usr/include/c++/7/ios:38,                 from /usr/include/c++/7/ostream:38,                 from /usr/include/c++/7/iostream:39,                 from /6pNuDHJKrj/main.cpp:1:/usr/include/c++/7/bits/stringfwd.h:74:33: note:   ‘std::__cxx11::string’   typedef basic_string<char>    string;                                 ^~~~~~/usr/include/c++/7/bits/stringfwd.h:74:33: note:   ‘std::__cxx11::string’/6pNuDHJKrj/main.cpp:27:10: error: ‘cin’ was not declared in this scope  getline(cin, M, ';');          ^~~/6pNuDHJKrj/main.cpp:27:10: note: suggested alternative:In file included from /6pNuDHJKrj/main.cpp:1:0:/usr/include/c++/7/iostream:60:18: note:   ‘std::cin’   extern istream cin;  /// Linked to standard input                  ^~~/6pNuDHJKrj/main.cpp:27:15: error: ‘M’ was not declared in this scope  getline(cin, M, ';');               ^/6pNuDHJKrj/main.cpp:28:15: error: ‘N’ was not declared in this scope  getline(cin, N, ';');               ^/6pNuDHJKrj/main.cpp:29:15: error: ‘L’ was not declared in this scope  getline(cin, L, ';');               ^/6pNuDHJKrj/main.cpp:31:6: error: ‘stoi’ was not declared in this scope  n = stoi(N);      ^~~~/6pNuDHJKrj/main.cpp:31:6: note: suggested alternatives:In file included from /usr/include/c++/7/string:52:0,                 from /usr/include/c++/7/bits/locale_classes.h:40,                 from /usr/include/c++/7/bits/ios_base.h:41,                 from /usr/include/c++/7/ios:42,                 from /usr/include/c++/7/ostream:38,                 from /usr/include/c++/7/iostream:39,                 from /6pNuDHJKrj/main.cpp:1:/usr/include/c++/7/bits/basic_string.h:6477:3: note:   ‘std::__cxx11::stoi’   stoi(const wstring& __str, size_t* __idx = 0, int __base = 10)   ^~~~/usr/include/c++/7/bits/basic_string.h:6477:3: note:   ‘std::__cxx11::stoi’/6pNuDHJKrj/main.cpp:36:10: error: expected ‘;’ before ‘s’   string s;          ^/6pNuDHJKrj/main.cpp:37:16: error: ‘s’ was not declared in this scope   getline(cin, s, ';');                ^/6pNuDHJKrj/main.cpp:38:3: error: ‘sub’ was not declared in this scope   sub.push_back(s);   ^~~/6pNuDHJKrj/main.cpp:41:10: error: expected ‘;’ before ‘s’   string s;          ^/6pNuDHJKrj/main.cpp:42:16: error: ‘s’ was not declared in this scope   getline(cin, s, ';');                ^/6pNuDHJKrj/main.cpp:43:3: error: ‘verb’ was not declared in this scope   verb.push_back(s);   ^~~~/6pNuDHJKrj/main.cpp:46:10: error: expected ‘;’ before ‘s’   string s;          ^/6pNuDHJKrj/main.cpp:47:16: error: ‘s’ was not declared in this scope   getline(cin, s, ';');                ^/6pNuDHJKrj/main.cpp:48:3: error: ‘ob’ was not declared in this scope   ob.push_back(s);   ^~/6pNuDHJKrj/main.cpp:52:3: error: ‘cout’ was not declared in this scope   cout << \"No possible sentece.;\" << endl;   ^~~~/6pNuDHJKrj/main.cpp:52:3: note: suggested alternative:In file included from /6pNuDHJKrj/main.cpp:1:0:/usr/include/c++/7/iostream:61:18: note:   ‘std::cout’   extern ostream cout;  /// Linked to standard output                  ^~~~/6pNuDHJKrj/main.cpp:52:38: error: ‘endl’ was not declared in this scope   cout << \"No possible sentece.;\" << endl;                                      ^~~~/6pNuDHJKrj/main.cpp:52:38: note: suggested alternative:In file included from /usr/include/c++/7/iostream:39:0,                 from /6pNuDHJKrj/main.cpp:1:/usr/include/c++/7/ostream:590:5: note:   ‘std::endl’     endl(basic_ostream<_CharT, _Traits>& __os)     ^~~~" | LOG_DATA: {"userId":577,"data":{"testId":129,"userId":577}} | 
13/10/2021 Wednesday 16:09:44 | INFO | problem-compile.log | return /submit-bank-problem. | DATA: "Command failed: g++ -o /3Xx6byRvgI/main /3Xx6byRvgI/main.cpp/3Xx6byRvgI/main.cpp: In function ‘int main()’:/3Xx6byRvgI/main.cpp:15:58: error: ‘pow’ was not declared in this scope  for (int i = 2; i <= 20; i++) cache[i] = cache[i - 1] + pow(3, i - 1);                                                          ^~~/3Xx6byRvgI/main.cpp:15:58: note: suggested alternative: ‘putw’  for (int i = 2; i <= 20; i++) cache[i] = cache[i - 1] + pow(3, i - 1);                                                          ^~~                                                          putw/3Xx6byRvgI/main.cpp:42:2: error: ‘reverse’ was not declared in this scope  reverse(answer.begin(), answer.end());  ^~~~~~~" | LOG_DATA: {"userId":577,"data":{"testId":129,"userId":577}} | 
13/10/2021 Wednesday 16:09:44 | INFO | problem-compile.log | return /submit-bank-problem. | DATA: "Command failed: g++ -o /AUDvysGe6W/main /AUDvysGe6W/main.cpp/AUDvysGe6W/main.cpp: In function ‘int main()’:/AUDvysGe6W/main.cpp:42:14: error: ‘strtok’ was not declared in this scope  char* ptr = strtok(s1, \" \");              ^~~~~~/AUDvysGe6W/main.cpp:42:14: note: suggested alternative: ‘strtoq’  char* ptr = strtok(s1, \" \");              ^~~~~~              strtoq/AUDvysGe6W/main.cpp:87:23: error: ‘pow’ was not declared in this scope   for (int i = 0; i < pow(2, cnt); i++) {                       ^~~" | LOG_DATA: {"userId":577,"data":{"testId":129,"userId":577}} | 
13/10/2021 Wednesday 16:09:44 | INFO | problem-compile.log | return /submit-bank-problem. | DATA: "Command failed: g++ -o /8T1jbnS2iJ/main /8T1jbnS2iJ/main.cpp/8T1jbnS2iJ/main.cpp: In function ‘int main()’:/8T1jbnS2iJ/main.cpp:15:58: error: ‘pow’ was not declared in this scope  for (int i = 2; i <= 20; i++) cache[i] = cache[i - 1] + pow(3, i - 1);                                                          ^~~/8T1jbnS2iJ/main.cpp:15:58: note: suggested alternative: ‘putw’  for (int i = 2; i <= 20; i++) cache[i] = cache[i - 1] + pow(3, i - 1);                                                          ^~~                                                          putw/8T1jbnS2iJ/main.cpp:42:2: error: ‘reverse’ was not declared in this scope  reverse(answer.begin(), answer.end());  ^~~~~~~" | LOG_DATA: {"userId":577,"data":{"testId":129,"userId":577}} | 
13/10/2021 Wednesday 16:09:44 | INFO | problem-compile.log | return /submit-bank-problem. | DATA: "Command failed: g++ -o /NPmn4vwDCk/main /NPmn4vwDCk/main.cpp/NPmn4vwDCk/main.cpp: In function ‘int main()’:/NPmn4vwDCk/main.cpp:42:14: error: ‘strtok’ was not declared in this scope  char* ptr = strtok(s1, \" \");              ^~~~~~/NPmn4vwDCk/main.cpp:42:14: note: suggested alternative: ‘strtoq’  char* ptr = strtok(s1, \" \");              ^~~~~~              strtoq/NPmn4vwDCk/main.cpp:87:23: error: ‘pow’ was not declared in this scope   for (int i = 0; i < pow(2, cnt); i++) {                       ^~~" | LOG_DATA: {"userId":577,"data":{"testId":129,"userId":577}} | 
13/10/2021 Wednesday 16:09:44 | INFO | problem-compile.log | return /submit-bank-problem. | DATA: "Command failed: g++ -o /1fl2mfcoob/main /1fl2mfcoob/main.cpp/1fl2mfcoob/main.cpp: In function ‘int main()’:/1fl2mfcoob/main.cpp:42:14: error: ‘strtok’ was not declared in this scope  char* ptr = strtok(s1, \" \");              ^~~~~~/1fl2mfcoob/main.cpp:42:14: note: suggested alternative: ‘strtoq’  char* ptr = strtok(s1, \" \");              ^~~~~~              strtoq/1fl2mfcoob/main.cpp:87:23: error: ‘pow’ was not declared in this scope   for (int i = 0; i < pow(2, cnt); i++) {                       ^~~" | LOG_DATA: {"userId":577,"data":{"testId":129,"userId":577}} | 
13/10/2021 Wednesday 16:09:44 | INFO | problem-compile.log | return /submit-bank-problem. | DATA: "Command failed: g++ -o /9xVnyaUPZb/main /9xVnyaUPZb/main.cpp/9xVnyaUPZb/main.cpp: In function ‘int main()’:/9xVnyaUPZb/main.cpp:42:14: error: ‘strtok’ was not declared in this scope  char* ptr = strtok(s1, \" \");              ^~~~~~/9xVnyaUPZb/main.cpp:42:14: note: suggested alternative: ‘strtoq’  char* ptr = strtok(s1, \" \");              ^~~~~~              strtoq/9xVnyaUPZb/main.cpp:87:23: error: ‘pow’ was not declared in this scope   for (int i = 0; i < pow(2, cnt); i++) {                       ^~~" | LOG_DATA: {"userId":577,"data":{"testId":129,"userId":577}} | 
13/10/2021 Wednesday 16:09:44 | INFO | problem-compile.log | return /submit-bank-problem. | DATA: "Command failed: g++ -o /33WGIlLPat/main /33WGIlLPat/main.cpp/33WGIlLPat/main.cpp: In function ‘int main()’:/33WGIlLPat/main.cpp:42:14: error: ‘strtok’ was not declared in this scope  char* ptr = strtok(s1, \" \");              ^~~~~~/33WGIlLPat/main.cpp:42:14: note: suggested alternative: ‘strtoq’  char* ptr = strtok(s1, \" \");              ^~~~~~              strtoq/33WGIlLPat/main.cpp:87:23: error: ‘pow’ was not declared in this scope   for (int i = 0; i < pow(2, cnt); i++) {                       ^~~" | LOG_DATA: {"userId":577,"data":{"testId":129,"userId":577}} | 
13/10/2021 Wednesday 16:09:44 | INFO | problem-compile.log | return /submit-bank-problem. | DATA: "Command failed: g++ -o /OYprg9yrMl/main /OYprg9yrMl/main.cpp/OYprg9yrMl/main.cpp: In function ‘int main()’:/OYprg9yrMl/main.cpp:42:14: error: ‘strtok’ was not declared in this scope  char* ptr = strtok(s1, \" \");              ^~~~~~/OYprg9yrMl/main.cpp:42:14: note: suggested alternative: ‘strtoq’  char* ptr = strtok(s1, \" \");              ^~~~~~              strtoq/OYprg9yrMl/main.cpp:87:23: error: ‘pow’ was not declared in this scope   for (int i = 0; i < pow(2, cnt); i++) {                       ^~~" | LOG_DATA: {"userId":577,"data":{"testId":129,"userId":577}} | 
13/10/2021 Wednesday 16:09:44 | INFO | problem-compile.log | return /submit-bank-problem. | DATA: "Command failed: g++ -o /mPUpaFX24U/main /mPUpaFX24U/main.cpp/mPUpaFX24U/main.cpp: In function ‘int main()’:/mPUpaFX24U/main.cpp:15:58: error: ‘pow’ was not declared in this scope  for (int i = 2; i <= 20; i++) cache[i] = cache[i - 1] + pow(3, i - 1);                                                          ^~~/mPUpaFX24U/main.cpp:15:58: note: suggested alternative: ‘putw’  for (int i = 2; i <= 20; i++) cache[i] = cache[i - 1] + pow(3, i - 1);                                                          ^~~                                                          putw/mPUpaFX24U/main.cpp:42:2: error: ‘reverse’ was not declared in this scope  reverse(answer.begin(), answer.end());  ^~~~~~~" | LOG_DATA: {"userId":577,"data":{"testId":129,"userId":577}} | 
13/10/2021 Wednesday 16:09:44 | INFO | problem-compile.log | return /submit-bank-problem. | DATA: "Command failed: g++ -o /NNiZiAOsja/main /NNiZiAOsja/main.cpp/NNiZiAOsja/main.cpp: In function ‘int main()’:/NNiZiAOsja/main.cpp:15:58: error: ‘pow’ was not declared in this scope  for (int i = 2; i <= 20; i++) cache[i] = cache[i - 1] + pow(3, i - 1);                                                          ^~~/NNiZiAOsja/main.cpp:15:58: note: suggested alternative: ‘putw’  for (int i = 2; i <= 20; i++) cache[i] = cache[i - 1] + pow(3, i - 1);                                                          ^~~                                                          putw/NNiZiAOsja/main.cpp:42:2: error: ‘reverse’ was not declared in this scope  reverse(answer.begin(), answer.end());  ^~~~~~~" | LOG_DATA: {"userId":577,"data":{"testId":129,"userId":577}} | 
13/10/2021 Wednesday 16:09:44 | INFO | problem-compile.log | return /submit-bank-problem. | DATA: "Command failed: g++ -o /xrxDwEsyyP/main /xrxDwEsyyP/main.cpp/xrxDwEsyyP/main.cpp: In function ‘int main()’:/xrxDwEsyyP/main.cpp:15:58: error: ‘pow’ was not declared in this scope  for (int i = 2; i <= 20; i++) cache[i] = cache[i - 1] + pow(3, i - 1);                                                          ^~~/xrxDwEsyyP/main.cpp:15:58: note: suggested alternative: ‘putw’  for (int i = 2; i <= 20; i++) cache[i] = cache[i - 1] + pow(3, i - 1);                                                          ^~~                                                          putw/xrxDwEsyyP/main.cpp:42:2: error: ‘reverse’ was not declared in this scope  reverse(answer.begin(), answer.end());  ^~~~~~~" | LOG_DATA: {"userId":577,"data":{"testId":129,"userId":577}} | 
13/10/2021 Wednesday 16:09:44 | INFO | problem-compile.log | return /submit-bank-problem. | DATA: "Command failed: g++ -o /rnndYWJx3t/main /rnndYWJx3t/main.cpp/rnndYWJx3t/main.cpp: In function ‘int main()’:/rnndYWJx3t/main.cpp:15:58: error: ‘pow’ was not declared in this scope  for (int i = 2; i <= 20; i++) cache[i] = cache[i - 1] + pow(3, i - 1);                                                          ^~~/rnndYWJx3t/main.cpp:15:58: note: suggested alternative: ‘putw’  for (int i = 2; i <= 20; i++) cache[i] = cache[i - 1] + pow(3, i - 1);                                                          ^~~                                                          putw/rnndYWJx3t/main.cpp:42:2: error: ‘reverse’ was not declared in this scope  reverse(answer.begin(), answer.end());  ^~~~~~~" | LOG_DATA: {"userId":577,"data":{"testId":129,"userId":577}} | 
13/10/2021 Wednesday 16:09:44 | INFO | problem-compile.log | return /submit-bank-problem. | DATA: "Command failed: g++ -o /Q5HcBVNT96/main /Q5HcBVNT96/main.cpp/Q5HcBVNT96/main.cpp: In function ‘int main()’:/Q5HcBVNT96/main.cpp:42:14: error: ‘strtok’ was not declared in this scope  char* ptr = strtok(s1, \" \");              ^~~~~~/Q5HcBVNT96/main.cpp:42:14: note: suggested alternative: ‘strtoq’  char* ptr = strtok(s1, \" \");              ^~~~~~              strtoq/Q5HcBVNT96/main.cpp:87:23: error: ‘pow’ was not declared in this scope   for (int i = 0; i < pow(2, cnt); i++) {                       ^~~" | LOG_DATA: {"userId":577,"data":{"testId":129,"userId":577}} | 
13/10/2021 Wednesday 16:09:44 | INFO | problem-compile.log | return /submit-bank-problem. | DATA: "Command failed: g++ -o /HKSWVHmVQB/main /HKSWVHmVQB/main.cpp/HKSWVHmVQB/main.cpp: In function ‘int main()’:/HKSWVHmVQB/main.cpp:15:58: error: ‘pow’ was not declared in this scope  for (int i = 2; i <= 20; i++) cache[i] = cache[i - 1] + pow(3, i - 1);                                                          ^~~/HKSWVHmVQB/main.cpp:15:58: note: suggested alternative: ‘putw’  for (int i = 2; i <= 20; i++) cache[i] = cache[i - 1] + pow(3, i - 1);                                                          ^~~                                                          putw/HKSWVHmVQB/main.cpp:42:2: error: ‘reverse’ was not declared in this scope  reverse(answer.begin(), answer.end());  ^~~~~~~" | LOG_DATA: {"userId":577,"data":{"testId":129,"userId":577}} | 
13/10/2021 Wednesday 16:09:44 | INFO | problem-compile.log | return /submit-bank-problem. | DATA: "Command failed: g++ -o /JESF2EGQaR/main /JESF2EGQaR/main.cpp/JESF2EGQaR/main.cpp: In function ‘int main()’:/JESF2EGQaR/main.cpp:15:58: error: ‘pow’ was not declared in this scope  for (int i = 2; i <= 20; i++) cache[i] = cache[i - 1] + pow(3, i - 1);                                                          ^~~/JESF2EGQaR/main.cpp:15:58: note: suggested alternative: ‘putw’  for (int i = 2; i <= 20; i++) cache[i] = cache[i - 1] + pow(3, i - 1);                                                          ^~~                                                          putw/JESF2EGQaR/main.cpp:42:2: error: ‘reverse’ was not declared in this scope  reverse(answer.begin(), answer.end());  ^~~~~~~" | LOG_DATA: {"userId":577,"data":{"testId":129,"userId":577}} | 
13/10/2021 Wednesday 16:09:44 | INFO | problem-compile.log | return /submit-bank-problem. | DATA: "Command failed: g++ -o /MS83M6klOY/main /MS83M6klOY/main.cpp/MS83M6klOY/main.cpp: In function ‘int main()’:/MS83M6klOY/main.cpp:42:14: error: ‘strtok’ was not declared in this scope  char* ptr = strtok(s1, \" \");              ^~~~~~/MS83M6klOY/main.cpp:42:14: note: suggested alternative: ‘strtoq’  char* ptr = strtok(s1, \" \");              ^~~~~~              strtoq/MS83M6klOY/main.cpp:87:23: error: ‘pow’ was not declared in this scope   for (int i = 0; i < pow(2, cnt); i++) {                       ^~~" | LOG_DATA: {"userId":577,"data":{"testId":129,"userId":577}} | 
13/10/2021 Wednesday 16:09:44 | INFO | problem-compile.log | return /submit-bank-problem. | DATA: "Command failed: g++ -o /VeLtx0l3Qi/main /VeLtx0l3Qi/main.cpp/VeLtx0l3Qi/main.cpp: In function ‘int main()’:/VeLtx0l3Qi/main.cpp:42:14: error: ‘strtok’ was not declared in this scope  char* ptr = strtok(s1, \" \");              ^~~~~~/VeLtx0l3Qi/main.cpp:42:14: note: suggested alternative: ‘strtoq’  char* ptr = strtok(s1, \" \");              ^~~~~~              strtoq/VeLtx0l3Qi/main.cpp:87:23: error: ‘pow’ was not declared in this scope   for (int i = 0; i < pow(2, cnt); i++) {                       ^~~" | LOG_DATA: {"userId":577,"data":{"testId":129,"userId":577}} | 
13/10/2021 Wednesday 16:09:44 | INFO | problem-compile.log | return /submit-bank-problem. | DATA: "Command failed: g++ -o /PujuAWK5qA/main /PujuAWK5qA/main.cpp/PujuAWK5qA/main.cpp: In function ‘int main()’:/PujuAWK5qA/main.cpp:42:14: error: ‘strtok’ was not declared in this scope  char* ptr = strtok(s1, \" \");              ^~~~~~/PujuAWK5qA/main.cpp:42:14: note: suggested alternative: ‘strtoq’  char* ptr = strtok(s1, \" \");              ^~~~~~              strtoq/PujuAWK5qA/main.cpp:87:23: error: ‘pow’ was not declared in this scope   for (int i = 0; i < pow(2, cnt); i++) {                       ^~~" | LOG_DATA: {"userId":577,"data":{"testId":129,"userId":577}} | 
13/10/2021 Wednesday 16:09:47 | INFO | problem-compile.log | request /submit-compile-bank-problem | LOG_DATA: {"userId":577,"data":{"testId":129,"userId":577}} | 
13/10/2021 Wednesday 16:11:00 | INFO | problem-compile.log | request /submit-compile-bank-problem | LOG_DATA: {"userId":593,"data":{"testId":129,"userId":593}} | 
13/10/2021 Wednesday 16:11:38 | INFO | problem-compile.log | request /submit-compile-bank-problem | LOG_DATA: {"userId":593,"data":{"testId":129,"userId":593}} | 
